# gmm-est --mix-up=8840 --power=0.25 --write-occs=exp/tri1/21.occs exp/tri1/20.mdl "gmm-sum-accs - exp/tri1/20.*.acc |" exp/tri1/21.mdl 
# Started at Sat May  8 19:18:44 IST 2021
#
gmm-est --mix-up=8840 --power=0.25 --write-occs=exp/tri1/21.occs exp/tri1/20.mdl 'gmm-sum-accs - exp/tri1/20.*.acc |' exp/tri1/21.mdl 
gmm-sum-accs - exp/tri1/20.1.acc 
LOG (gmm-sum-accs[5.5.907~2-cbed4]:main():gmm-sum-accs.cc:63) Summed 1 stats, total count 69416, avg like/frame -73.576
LOG (gmm-sum-accs[5.5.907~2-cbed4]:main():gmm-sum-accs.cc:66) Total count of stats is 69416
LOG (gmm-sum-accs[5.5.907~2-cbed4]:main():gmm-sum-accs.cc:67) Written stats to -
LOG (gmm-est[5.5.907~2-cbed4]:MleUpdate():transition-model.cc:528) TransitionModel::Update, objf change is 1.66615e-06 per frame over 69416 frames. 
LOG (gmm-est[5.5.907~2-cbed4]:MleUpdate():transition-model.cc:531) 10 probabilities floored, 280 out of 290 transition-states skipped due to insuffient data (it is normal to have some skipped.)
LOG (gmm-est[5.5.907~2-cbed4]:main():gmm-est.cc:102) Transition model update: Overall 1.66615e-06 log-like improvement per frame over 69416 frames.
WARNING (gmm-est[5.5.907~2-cbed4]:MleDiagGmmUpdate():mle-diag-gmm.cc:359) Too little data - removing Gaussian (weight 0.001267, occupation count 9.000001, vector size 39)
WARNING (gmm-est[5.5.907~2-cbed4]:MleDiagGmmUpdate():mle-diag-gmm.cc:359) Too little data - removing Gaussian (weight 0.001289, occupation count 9.160684, vector size 39)
WARNING (gmm-est[5.5.907~2-cbed4]:MleDiagGmmUpdate():mle-diag-gmm.cc:359) Too little data - removing Gaussian (weight 0.001385, occupation count 9.839315, vector size 39)
WARNING (gmm-est[5.5.907~2-cbed4]:MleDiagGmmUpdate():mle-diag-gmm.cc:365) Gaussian has too little data but not removing it because it is the last Gaussian: i = 0, occ = 0, weight = 1
WARNING (gmm-est[5.5.907~2-cbed4]:MleDiagGmmUpdate():mle-diag-gmm.cc:365) Gaussian has too little data but not removing it because it is the last Gaussian: i = 0, occ = 0, weight = 1
WARNING (gmm-est[5.5.907~2-cbed4]:MleDiagGmmUpdate():mle-diag-gmm.cc:365) Gaussian has too little data but not removing it because it is the last Gaussian: i = 0, occ = 0, weight = 1
WARNING (gmm-est[5.5.907~2-cbed4]:MleDiagGmmUpdate():mle-diag-gmm.cc:365) Gaussian has too little data but not removing it because it is the last Gaussian: i = 0, occ = 0, weight = 1
WARNING (gmm-est[5.5.907~2-cbed4]:MleDiagGmmUpdate():mle-diag-gmm.cc:365) Gaussian has too little data but not removing it because it is the last Gaussian: i = 0, occ = 0, weight = 1
WARNING (gmm-est[5.5.907~2-cbed4]:MleDiagGmmUpdate():mle-diag-gmm.cc:365) Gaussian has too little data but not removing it because it is the last Gaussian: i = 0, occ = 0, weight = 1
WARNING (gmm-est[5.5.907~2-cbed4]:MleDiagGmmUpdate():mle-diag-gmm.cc:365) Gaussian has too little data but not removing it because it is the last Gaussian: i = 0, occ = 0, weight = 1
WARNING (gmm-est[5.5.907~2-cbed4]:MleDiagGmmUpdate():mle-diag-gmm.cc:365) Gaussian has too little data but not removing it because it is the last Gaussian: i = 0, occ = 0, weight = 1
WARNING (gmm-est[5.5.907~2-cbed4]:MleDiagGmmUpdate():mle-diag-gmm.cc:365) Gaussian has too little data but not removing it because it is the last Gaussian: i = 0, occ = 0, weight = 1
WARNING (gmm-est[5.5.907~2-cbed4]:MleDiagGmmUpdate():mle-diag-gmm.cc:365) Gaussian has too little data but not removing it because it is the last Gaussian: i = 0, occ = 0, weight = 1
WARNING (gmm-est[5.5.907~2-cbed4]:MleDiagGmmUpdate():mle-diag-gmm.cc:365) Gaussian has too little data but not removing it because it is the last Gaussian: i = 0, occ = 0, weight = 1
WARNING (gmm-est[5.5.907~2-cbed4]:MleDiagGmmUpdate():mle-diag-gmm.cc:365) Gaussian has too little data but not removing it because it is the last Gaussian: i = 0, occ = 0, weight = 1
WARNING (gmm-est[5.5.907~2-cbed4]:MleDiagGmmUpdate():mle-diag-gmm.cc:365) Gaussian has too little data but not removing it because it is the last Gaussian: i = 0, occ = 0, weight = 1
WARNING (gmm-est[5.5.907~2-cbed4]:MleDiagGmmUpdate():mle-diag-gmm.cc:365) Gaussian has too little data but not removing it because it is the last Gaussian: i = 0, occ = 0, weight = 1
WARNING (gmm-est[5.5.907~2-cbed4]:MleDiagGmmUpdate():mle-diag-gmm.cc:365) Gaussian has too little data but not removing it because it is the last Gaussian: i = 0, occ = 0, weight = 1
WARNING (gmm-est[5.5.907~2-cbed4]:MleDiagGmmUpdate():mle-diag-gmm.cc:365) Gaussian has too little data but not removing it because it is the last Gaussian: i = 0, occ = 0, weight = 1
WARNING (gmm-est[5.5.907~2-cbed4]:MleDiagGmmUpdate():mle-diag-gmm.cc:365) Gaussian has too little data but not removing it because it is the last Gaussian: i = 0, occ = 0, weight = 1
WARNING (gmm-est[5.5.907~2-cbed4]:MleDiagGmmUpdate():mle-diag-gmm.cc:365) Gaussian has too little data but not removing it because it is the last Gaussian: i = 0, occ = 0, weight = 1
WARNING (gmm-est[5.5.907~2-cbed4]:MleDiagGmmUpdate():mle-diag-gmm.cc:365) Gaussian has too little data but not removing it because it is the last Gaussian: i = 0, occ = 0, weight = 1
WARNING (gmm-est[5.5.907~2-cbed4]:MleDiagGmmUpdate():mle-diag-gmm.cc:365) Gaussian has too little data but not removing it because it is the last Gaussian: i = 0, occ = 0, weight = 1
WARNING (gmm-est[5.5.907~2-cbed4]:MleDiagGmmUpdate():mle-diag-gmm.cc:359) Too little data - removing Gaussian (weight 0.001769, occupation count 9.999924, vector size 39)
WARNING (gmm-est[5.5.907~2-cbed4]:MleDiagGmmUpdate():mle-diag-gmm.cc:359) Too little data - removing Gaussian (weight 0.000972, occupation count 9.727418, vector size 39)
WARNING (gmm-est[5.5.907~2-cbed4]:MleDiagGmmUpdate():mle-diag-gmm.cc:359) Too little data - removing Gaussian (weight 0.001303, occupation count 7.103264, vector size 39)
LOG (gmm-est[5.5.907~2-cbed4]:MleAmDiagGmmUpdate():mle-am-diag-gmm.cc:225) 8 variance elements floored in 8 Gaussians, out of 3486
LOG (gmm-est[5.5.907~2-cbed4]:MleAmDiagGmmUpdate():mle-am-diag-gmm.cc:229) Removed 6 Gaussians due to counts < --min-gaussian-occupancy=10 and --remove-low-count-gaussians=true
LOG (gmm-est[5.5.907~2-cbed4]:main():gmm-est.cc:113) GMM update: Overall 0.0422471 objective function improvement per frame over 69416 frames
LOG (gmm-est[5.5.907~2-cbed4]:main():gmm-est.cc:116) GMM update: Overall avg like per frame = -73.576 over 69416 frames.
WARNING (gmm-est[5.5.907~2-cbed4]:GetSplitTargets():model-common.cc:134) Could not split up to 8840 due to min-count = 20 (or no counts at all)

LOG (gmm-est[5.5.907~2-cbed4]:SplitByCount():am-diag-gmm.cc:116) Split 29 states with target = 8840, power = 0.25, perturb_factor = 0.01 and min_count = 20, split #Gauss from 3486 to 3491
LOG (gmm-est[5.5.907~2-cbed4]:main():gmm-est.cc:146) Written model to exp/tri1/21.mdl
# Accounting: time=1 threads=1
# Ended (code 0) at Sat May  8 19:18:45 IST 2021, elapsed time 1 seconds
