# build-tree --verbose=1 --max-leaves=2000 --cluster-thresh=-1 exp/tri2a/treeacc data/lang/phones/roots.int exp/tri2a/questions.qst data/lang/topo exp/tri2a/tree 
# Started at Sun May  9 03:06:23 IST 2021
#
build-tree --verbose=1 --max-leaves=2000 --cluster-thresh=-1 exp/tri2a/treeacc data/lang/phones/roots.int exp/tri2a/questions.qst data/lang/topo exp/tri2a/tree 
LOG (build-tree[5.5.907~2-cbed4]:main():build-tree.cc:104) Number of separate statistics is 10
LOG (build-tree[5.5.907~2-cbed4]:BuildTree():build-tree.cc:161) BuildTree: before building trees, map has 22 leaves.
LOG (build-tree[5.5.907~2-cbed4]:SplitDecisionTree():build-tree-utils.cc:577) DoDecisionTreeSplit: split 8 times, #leaves now 30
LOG (build-tree[5.5.907~2-cbed4]:BuildTree():build-tree.cc:187) Setting clustering threshold to smallest split 15547.2
VLOG[1] (build-tree[5.5.907~2-cbed4]:BuildTree():build-tree.cc:196) After decision tree split, num-leaves = 30, like-impr = 5.80956 per frame over 69416 frames.
VLOG[1] (build-tree[5.5.907~2-cbed4]:BuildTree():build-tree.cc:200) Including just phones that were split, improvement is 5.80956 per frame over 69416 frames.
LOG (build-tree[5.5.907~2-cbed4]:BuildTree():build-tree.cc:215) BuildTree: removed 1 leaves.
VLOG[1] (build-tree[5.5.907~2-cbed4]:ClusterEventMapToNClustersRestrictedByMap():build-tree-utils.cc:914) Number of non-empty clusters in map = 2
VLOG[1] (build-tree[5.5.907~2-cbed4]:ClusterEventMapToNClustersRestrictedByMap():build-tree-utils.cc:915) Number of non-empty clusters = 9
WARNING (build-tree[5.5.907~2-cbed4]:ClusterEventMapToNClustersRestrictedByMap():build-tree-utils.cc:918) Cannot get required num-clusters 24 as number of non-empty clusters required is larger than  number of non-empty clusters: 24 > 9
WARNING (build-tree[5.5.907~2-cbed4]:BuildTree():build-tree.cc:236) Did not get expected number of leaves: 30 - 1 - 0 != 24
WARNING (build-tree[5.5.907~2-cbed4]:BuildTree():build-tree.cc:245) num-leaves-out != num-leaves-required: 29 != 24
VLOG[1] (build-tree[5.5.907~2-cbed4]:BuildTree():build-tree.cc:256) Objf change due to clustering -0.190057 per frame.
VLOG[1] (build-tree[5.5.907~2-cbed4]:BuildTree():build-tree.cc:259) Normalizing over only split phones, this is: -0.190057 per frame.
VLOG[1] (build-tree[5.5.907~2-cbed4]:BuildTree():build-tree.cc:262) Num-leaves is now 29
VLOG[1] (build-tree[5.5.907~2-cbed4]:main():build-tree.cc:143) For pdf-id 2, low count 0
VLOG[1] (build-tree[5.5.907~2-cbed4]:main():build-tree.cc:143) For pdf-id 3, low count 0
VLOG[1] (build-tree[5.5.907~2-cbed4]:main():build-tree.cc:143) For pdf-id 4, low count 0
VLOG[1] (build-tree[5.5.907~2-cbed4]:main():build-tree.cc:143) For pdf-id 5, low count 0
VLOG[1] (build-tree[5.5.907~2-cbed4]:main():build-tree.cc:143) For pdf-id 6, low count 0
VLOG[1] (build-tree[5.5.907~2-cbed4]:main():build-tree.cc:143) For pdf-id 7, low count 0
VLOG[1] (build-tree[5.5.907~2-cbed4]:main():build-tree.cc:143) For pdf-id 8, low count 0
VLOG[1] (build-tree[5.5.907~2-cbed4]:main():build-tree.cc:143) For pdf-id 9, low count 0
VLOG[1] (build-tree[5.5.907~2-cbed4]:main():build-tree.cc:143) For pdf-id 10, low count 0
VLOG[1] (build-tree[5.5.907~2-cbed4]:main():build-tree.cc:143) For pdf-id 11, low count 0
VLOG[1] (build-tree[5.5.907~2-cbed4]:main():build-tree.cc:143) For pdf-id 12, low count 0
VLOG[1] (build-tree[5.5.907~2-cbed4]:main():build-tree.cc:143) For pdf-id 13, low count 0
VLOG[1] (build-tree[5.5.907~2-cbed4]:main():build-tree.cc:143) For pdf-id 14, low count 0
VLOG[1] (build-tree[5.5.907~2-cbed4]:main():build-tree.cc:143) For pdf-id 15, low count 0
VLOG[1] (build-tree[5.5.907~2-cbed4]:main():build-tree.cc:143) For pdf-id 16, low count 0
VLOG[1] (build-tree[5.5.907~2-cbed4]:main():build-tree.cc:143) For pdf-id 17, low count 0
VLOG[1] (build-tree[5.5.907~2-cbed4]:main():build-tree.cc:143) For pdf-id 18, low count 0
VLOG[1] (build-tree[5.5.907~2-cbed4]:main():build-tree.cc:143) For pdf-id 19, low count 0
VLOG[1] (build-tree[5.5.907~2-cbed4]:main():build-tree.cc:143) For pdf-id 20, low count 0
VLOG[1] (build-tree[5.5.907~2-cbed4]:main():build-tree.cc:143) For pdf-id 21, low count 0
WARNING (build-tree[5.5.907~2-cbed4]:main():build-tree.cc:185) Saw no stats for following phones: 2 3 4 5 6 7 8 9 11 12 13 14 15 16 17 18 19 20 21 22 23 24 25 26 27 28 29 30 31 32 33 34 35 36 37 38 39 40 41 42 43 44 45 46 47 48 49 50 51 52 53 54 55 56 57 58 59 60 61 62 63 64 65 66 67 68 69 70 71 72 73 74 75 76 77 78 79 80 81 82 83 84 85 86 87 88 89 90 
LOG (build-tree[5.5.907~2-cbed4]:main():build-tree.cc:189) Wrote tree
# Accounting: time=0 threads=1
# Ended (code 0) at Sun May  9 03:06:23 IST 2021, elapsed time 0 seconds
