# gmm-est --mix-up=2360 --power=0.25 --write-occs=exp/tri2a/3.occs exp/tri2a/2.mdl "gmm-sum-accs - exp/tri2a/2.*.acc |" exp/tri2a/3.mdl 
# Started at Sun May  9 03:06:25 IST 2021
#
gmm-est --mix-up=2360 --power=0.25 --write-occs=exp/tri2a/3.occs exp/tri2a/2.mdl 'gmm-sum-accs - exp/tri2a/2.*.acc |' exp/tri2a/3.mdl 
gmm-sum-accs - exp/tri2a/2.1.acc 
LOG (gmm-sum-accs[5.5.907~2-cbed4]:main():gmm-sum-accs.cc:63) Summed 1 stats, total count 69416, avg like/frame -89.0211
LOG (gmm-sum-accs[5.5.907~2-cbed4]:main():gmm-sum-accs.cc:66) Total count of stats is 69416
LOG (gmm-sum-accs[5.5.907~2-cbed4]:main():gmm-sum-accs.cc:67) Written stats to -
LOG (gmm-est[5.5.907~2-cbed4]:MleUpdate():transition-model.cc:528) TransitionModel::Update, objf change is 0 per frame over 69416 frames. 
LOG (gmm-est[5.5.907~2-cbed4]:MleUpdate():transition-model.cc:531) 10 probabilities floored, 280 out of 290 transition-states skipped due to insuffient data (it is normal to have some skipped.)
LOG (gmm-est[5.5.907~2-cbed4]:main():gmm-est.cc:102) Transition model update: Overall 0 log-like improvement per frame over 69416 frames.
WARNING (gmm-est[5.5.907~2-cbed4]:MleDiagGmmUpdate():mle-diag-gmm.cc:365) Gaussian has too little data but not removing it because it is the last Gaussian: i = 0, occ = 0, weight = 1
WARNING (gmm-est[5.5.907~2-cbed4]:MleDiagGmmUpdate():mle-diag-gmm.cc:365) Gaussian has too little data but not removing it because it is the last Gaussian: i = 0, occ = 0, weight = 1
WARNING (gmm-est[5.5.907~2-cbed4]:MleDiagGmmUpdate():mle-diag-gmm.cc:365) Gaussian has too little data but not removing it because it is the last Gaussian: i = 0, occ = 0, weight = 1
WARNING (gmm-est[5.5.907~2-cbed4]:MleDiagGmmUpdate():mle-diag-gmm.cc:365) Gaussian has too little data but not removing it because it is the last Gaussian: i = 0, occ = 0, weight = 1
WARNING (gmm-est[5.5.907~2-cbed4]:MleDiagGmmUpdate():mle-diag-gmm.cc:365) Gaussian has too little data but not removing it because it is the last Gaussian: i = 0, occ = 0, weight = 1
WARNING (gmm-est[5.5.907~2-cbed4]:MleDiagGmmUpdate():mle-diag-gmm.cc:365) Gaussian has too little data but not removing it because it is the last Gaussian: i = 0, occ = 0, weight = 1
WARNING (gmm-est[5.5.907~2-cbed4]:MleDiagGmmUpdate():mle-diag-gmm.cc:365) Gaussian has too little data but not removing it because it is the last Gaussian: i = 0, occ = 0, weight = 1
WARNING (gmm-est[5.5.907~2-cbed4]:MleDiagGmmUpdate():mle-diag-gmm.cc:365) Gaussian has too little data but not removing it because it is the last Gaussian: i = 0, occ = 0, weight = 1
WARNING (gmm-est[5.5.907~2-cbed4]:MleDiagGmmUpdate():mle-diag-gmm.cc:365) Gaussian has too little data but not removing it because it is the last Gaussian: i = 0, occ = 0, weight = 1
WARNING (gmm-est[5.5.907~2-cbed4]:MleDiagGmmUpdate():mle-diag-gmm.cc:365) Gaussian has too little data but not removing it because it is the last Gaussian: i = 0, occ = 0, weight = 1
WARNING (gmm-est[5.5.907~2-cbed4]:MleDiagGmmUpdate():mle-diag-gmm.cc:365) Gaussian has too little data but not removing it because it is the last Gaussian: i = 0, occ = 0, weight = 1
WARNING (gmm-est[5.5.907~2-cbed4]:MleDiagGmmUpdate():mle-diag-gmm.cc:365) Gaussian has too little data but not removing it because it is the last Gaussian: i = 0, occ = 0, weight = 1
WARNING (gmm-est[5.5.907~2-cbed4]:MleDiagGmmUpdate():mle-diag-gmm.cc:365) Gaussian has too little data but not removing it because it is the last Gaussian: i = 0, occ = 0, weight = 1
WARNING (gmm-est[5.5.907~2-cbed4]:MleDiagGmmUpdate():mle-diag-gmm.cc:365) Gaussian has too little data but not removing it because it is the last Gaussian: i = 0, occ = 0, weight = 1
WARNING (gmm-est[5.5.907~2-cbed4]:MleDiagGmmUpdate():mle-diag-gmm.cc:365) Gaussian has too little data but not removing it because it is the last Gaussian: i = 0, occ = 0, weight = 1
WARNING (gmm-est[5.5.907~2-cbed4]:MleDiagGmmUpdate():mle-diag-gmm.cc:365) Gaussian has too little data but not removing it because it is the last Gaussian: i = 0, occ = 0, weight = 1
WARNING (gmm-est[5.5.907~2-cbed4]:MleDiagGmmUpdate():mle-diag-gmm.cc:365) Gaussian has too little data but not removing it because it is the last Gaussian: i = 0, occ = 0, weight = 1
WARNING (gmm-est[5.5.907~2-cbed4]:MleDiagGmmUpdate():mle-diag-gmm.cc:365) Gaussian has too little data but not removing it because it is the last Gaussian: i = 0, occ = 0, weight = 1
WARNING (gmm-est[5.5.907~2-cbed4]:MleDiagGmmUpdate():mle-diag-gmm.cc:365) Gaussian has too little data but not removing it because it is the last Gaussian: i = 0, occ = 0, weight = 1
WARNING (gmm-est[5.5.907~2-cbed4]:MleDiagGmmUpdate():mle-diag-gmm.cc:365) Gaussian has too little data but not removing it because it is the last Gaussian: i = 0, occ = 0, weight = 1
LOG (gmm-est[5.5.907~2-cbed4]:MleAmDiagGmmUpdate():mle-am-diag-gmm.cc:225) 0 variance elements floored in 0 Gaussians, out of 2013
LOG (gmm-est[5.5.907~2-cbed4]:MleAmDiagGmmUpdate():mle-am-diag-gmm.cc:229) Removed 0 Gaussians due to counts < --min-gaussian-occupancy=10 and --remove-low-count-gaussians=true
LOG (gmm-est[5.5.907~2-cbed4]:main():gmm-est.cc:113) GMM update: Overall 0.511757 objective function improvement per frame over 69416 frames
LOG (gmm-est[5.5.907~2-cbed4]:main():gmm-est.cc:116) GMM update: Overall avg like per frame = -89.0211 over 69416 frames.
LOG (gmm-est[5.5.907~2-cbed4]:SplitByCount():am-diag-gmm.cc:116) Split 29 states with target = 2360, power = 0.25, perturb_factor = 0.01 and min_count = 20, split #Gauss from 2013 to 2360
LOG (gmm-est[5.5.907~2-cbed4]:main():gmm-est.cc:146) Written model to exp/tri2a/3.mdl
# Accounting: time=0 threads=1
# Ended (code 0) at Sun May  9 03:06:25 IST 2021, elapsed time 0 seconds
