# gmm-est --mix-up=4880 --power=0.25 --write-occs=exp/tri2a/10.occs exp/tri2a/9.mdl "gmm-sum-accs - exp/tri2a/9.*.acc |" exp/tri2a/10.mdl 
# Started at Sun May  9 03:06:33 IST 2021
#
gmm-est --mix-up=4880 --power=0.25 --write-occs=exp/tri2a/10.occs exp/tri2a/9.mdl 'gmm-sum-accs - exp/tri2a/9.*.acc |' exp/tri2a/10.mdl 
gmm-sum-accs - exp/tri2a/9.1.acc 
LOG (gmm-sum-accs[5.5.907~2-cbed4]:main():gmm-sum-accs.cc:63) Summed 1 stats, total count 69416, avg like/frame -75.6863
LOG (gmm-sum-accs[5.5.907~2-cbed4]:main():gmm-sum-accs.cc:66) Total count of stats is 69416
LOG (gmm-sum-accs[5.5.907~2-cbed4]:main():gmm-sum-accs.cc:67) Written stats to -
LOG (gmm-est[5.5.907~2-cbed4]:MleUpdate():transition-model.cc:528) TransitionModel::Update, objf change is 0 per frame over 69416 frames. 
LOG (gmm-est[5.5.907~2-cbed4]:MleUpdate():transition-model.cc:531) 10 probabilities floored, 280 out of 290 transition-states skipped due to insuffient data (it is normal to have some skipped.)
LOG (gmm-est[5.5.907~2-cbed4]:main():gmm-est.cc:102) Transition model update: Overall 0 log-like improvement per frame over 69416 frames.
WARNING (gmm-est[5.5.907~2-cbed4]:MleDiagGmmUpdate():mle-diag-gmm.cc:359) Too little data - removing Gaussian (weight 0.001191, occupation count 8.434997, vector size 39)
WARNING (gmm-est[5.5.907~2-cbed4]:MleDiagGmmUpdate():mle-diag-gmm.cc:359) Too little data - removing Gaussian (weight 0.001402, occupation count 9.923400, vector size 39)
WARNING (gmm-est[5.5.907~2-cbed4]:MleDiagGmmUpdate():mle-diag-gmm.cc:359) Too little data - removing Gaussian (weight 0.001165, occupation count 8.249099, vector size 39)
WARNING (gmm-est[5.5.907~2-cbed4]:MleDiagGmmUpdate():mle-diag-gmm.cc:359) Too little data - removing Gaussian (weight 0.001238, occupation count 8.764870, vector size 39)
WARNING (gmm-est[5.5.907~2-cbed4]:MleDiagGmmUpdate():mle-diag-gmm.cc:365) Gaussian has too little data but not removing it because it is the last Gaussian: i = 0, occ = 0, weight = 1
WARNING (gmm-est[5.5.907~2-cbed4]:MleDiagGmmUpdate():mle-diag-gmm.cc:365) Gaussian has too little data but not removing it because it is the last Gaussian: i = 0, occ = 0, weight = 1
WARNING (gmm-est[5.5.907~2-cbed4]:MleDiagGmmUpdate():mle-diag-gmm.cc:365) Gaussian has too little data but not removing it because it is the last Gaussian: i = 0, occ = 0, weight = 1
WARNING (gmm-est[5.5.907~2-cbed4]:MleDiagGmmUpdate():mle-diag-gmm.cc:365) Gaussian has too little data but not removing it because it is the last Gaussian: i = 0, occ = 0, weight = 1
WARNING (gmm-est[5.5.907~2-cbed4]:MleDiagGmmUpdate():mle-diag-gmm.cc:365) Gaussian has too little data but not removing it because it is the last Gaussian: i = 0, occ = 0, weight = 1
WARNING (gmm-est[5.5.907~2-cbed4]:MleDiagGmmUpdate():mle-diag-gmm.cc:365) Gaussian has too little data but not removing it because it is the last Gaussian: i = 0, occ = 0, weight = 1
WARNING (gmm-est[5.5.907~2-cbed4]:MleDiagGmmUpdate():mle-diag-gmm.cc:365) Gaussian has too little data but not removing it because it is the last Gaussian: i = 0, occ = 0, weight = 1
WARNING (gmm-est[5.5.907~2-cbed4]:MleDiagGmmUpdate():mle-diag-gmm.cc:365) Gaussian has too little data but not removing it because it is the last Gaussian: i = 0, occ = 0, weight = 1
WARNING (gmm-est[5.5.907~2-cbed4]:MleDiagGmmUpdate():mle-diag-gmm.cc:365) Gaussian has too little data but not removing it because it is the last Gaussian: i = 0, occ = 0, weight = 1
WARNING (gmm-est[5.5.907~2-cbed4]:MleDiagGmmUpdate():mle-diag-gmm.cc:365) Gaussian has too little data but not removing it because it is the last Gaussian: i = 0, occ = 0, weight = 1
WARNING (gmm-est[5.5.907~2-cbed4]:MleDiagGmmUpdate():mle-diag-gmm.cc:365) Gaussian has too little data but not removing it because it is the last Gaussian: i = 0, occ = 0, weight = 1
WARNING (gmm-est[5.5.907~2-cbed4]:MleDiagGmmUpdate():mle-diag-gmm.cc:365) Gaussian has too little data but not removing it because it is the last Gaussian: i = 0, occ = 0, weight = 1
WARNING (gmm-est[5.5.907~2-cbed4]:MleDiagGmmUpdate():mle-diag-gmm.cc:365) Gaussian has too little data but not removing it because it is the last Gaussian: i = 0, occ = 0, weight = 1
WARNING (gmm-est[5.5.907~2-cbed4]:MleDiagGmmUpdate():mle-diag-gmm.cc:365) Gaussian has too little data but not removing it because it is the last Gaussian: i = 0, occ = 0, weight = 1
WARNING (gmm-est[5.5.907~2-cbed4]:MleDiagGmmUpdate():mle-diag-gmm.cc:365) Gaussian has too little data but not removing it because it is the last Gaussian: i = 0, occ = 0, weight = 1
WARNING (gmm-est[5.5.907~2-cbed4]:MleDiagGmmUpdate():mle-diag-gmm.cc:365) Gaussian has too little data but not removing it because it is the last Gaussian: i = 0, occ = 0, weight = 1
WARNING (gmm-est[5.5.907~2-cbed4]:MleDiagGmmUpdate():mle-diag-gmm.cc:365) Gaussian has too little data but not removing it because it is the last Gaussian: i = 0, occ = 0, weight = 1
WARNING (gmm-est[5.5.907~2-cbed4]:MleDiagGmmUpdate():mle-diag-gmm.cc:365) Gaussian has too little data but not removing it because it is the last Gaussian: i = 0, occ = 0, weight = 1
WARNING (gmm-est[5.5.907~2-cbed4]:MleDiagGmmUpdate():mle-diag-gmm.cc:365) Gaussian has too little data but not removing it because it is the last Gaussian: i = 0, occ = 0, weight = 1
WARNING (gmm-est[5.5.907~2-cbed4]:MleDiagGmmUpdate():mle-diag-gmm.cc:365) Gaussian has too little data but not removing it because it is the last Gaussian: i = 0, occ = 0, weight = 1
WARNING (gmm-est[5.5.907~2-cbed4]:MleDiagGmmUpdate():mle-diag-gmm.cc:359) Too little data - removing Gaussian (weight 0.001067, occupation count 9.850717, vector size 39)
WARNING (gmm-est[5.5.907~2-cbed4]:MleDiagGmmUpdate():mle-diag-gmm.cc:359) Too little data - removing Gaussian (weight 0.001020, occupation count 9.422199, vector size 39)
WARNING (gmm-est[5.5.907~2-cbed4]:MleDiagGmmUpdate():mle-diag-gmm.cc:359) Too little data - removing Gaussian (weight 0.001043, occupation count 9.633411, vector size 39)
WARNING (gmm-est[5.5.907~2-cbed4]:MleDiagGmmUpdate():mle-diag-gmm.cc:359) Too little data - removing Gaussian (weight 0.001079, occupation count 9.959340, vector size 39)
WARNING (gmm-est[5.5.907~2-cbed4]:MleDiagGmmUpdate():mle-diag-gmm.cc:359) Too little data - removing Gaussian (weight 0.001083, occupation count 9.996163, vector size 39)
WARNING (gmm-est[5.5.907~2-cbed4]:MleDiagGmmUpdate():mle-diag-gmm.cc:359) Too little data - removing Gaussian (weight 0.000806, occupation count 7.440608, vector size 39)
WARNING (gmm-est[5.5.907~2-cbed4]:MleDiagGmmUpdate():mle-diag-gmm.cc:359) Too little data - removing Gaussian (weight 0.001035, occupation count 9.553402, vector size 39)
WARNING (gmm-est[5.5.907~2-cbed4]:MleDiagGmmUpdate():mle-diag-gmm.cc:359) Too little data - removing Gaussian (weight 0.000946, occupation count 8.730010, vector size 39)
WARNING (gmm-est[5.5.907~2-cbed4]:MleDiagGmmUpdate():mle-diag-gmm.cc:359) Too little data - removing Gaussian (weight 0.000918, occupation count 8.472078, vector size 39)
WARNING (gmm-est[5.5.907~2-cbed4]:MleDiagGmmUpdate():mle-diag-gmm.cc:359) Too little data - removing Gaussian (weight 0.001645, occupation count 9.392201, vector size 39)
WARNING (gmm-est[5.5.907~2-cbed4]:MleDiagGmmUpdate():mle-diag-gmm.cc:359) Too little data - removing Gaussian (weight 0.001521, occupation count 8.683971, vector size 39)
WARNING (gmm-est[5.5.907~2-cbed4]:MleDiagGmmUpdate():mle-diag-gmm.cc:359) Too little data - removing Gaussian (weight 0.001167, occupation count 6.658684, vector size 39)
WARNING (gmm-est[5.5.907~2-cbed4]:MleDiagGmmUpdate():mle-diag-gmm.cc:359) Too little data - removing Gaussian (weight 0.000603, occupation count 8.962711, vector size 39)
WARNING (gmm-est[5.5.907~2-cbed4]:MleDiagGmmUpdate():mle-diag-gmm.cc:359) Too little data - removing Gaussian (weight 0.000618, occupation count 9.180229, vector size 39)
WARNING (gmm-est[5.5.907~2-cbed4]:MleDiagGmmUpdate():mle-diag-gmm.cc:359) Too little data - removing Gaussian (weight 0.000585, occupation count 8.685433, vector size 39)
WARNING (gmm-est[5.5.907~2-cbed4]:MleDiagGmmUpdate():mle-diag-gmm.cc:359) Too little data - removing Gaussian (weight 0.000649, occupation count 9.642818, vector size 39)
WARNING (gmm-est[5.5.907~2-cbed4]:MleDiagGmmUpdate():mle-diag-gmm.cc:359) Too little data - removing Gaussian (weight 0.000586, occupation count 8.702312, vector size 39)
WARNING (gmm-est[5.5.907~2-cbed4]:MleDiagGmmUpdate():mle-diag-gmm.cc:359) Too little data - removing Gaussian (weight 0.000631, occupation count 9.376031, vector size 39)
WARNING (gmm-est[5.5.907~2-cbed4]:MleDiagGmmUpdate():mle-diag-gmm.cc:359) Too little data - removing Gaussian (weight 0.000638, occupation count 9.468575, vector size 39)
WARNING (gmm-est[5.5.907~2-cbed4]:MleDiagGmmUpdate():mle-diag-gmm.cc:359) Too little data - removing Gaussian (weight 0.000639, occupation count 9.494049, vector size 39)
WARNING (gmm-est[5.5.907~2-cbed4]:MleDiagGmmUpdate():mle-diag-gmm.cc:359) Too little data - removing Gaussian (weight 0.000499, occupation count 7.407284, vector size 39)
WARNING (gmm-est[5.5.907~2-cbed4]:MleDiagGmmUpdate():mle-diag-gmm.cc:359) Too little data - removing Gaussian (weight 0.000588, occupation count 8.729304, vector size 39)
WARNING (gmm-est[5.5.907~2-cbed4]:MleDiagGmmUpdate():mle-diag-gmm.cc:359) Too little data - removing Gaussian (weight 0.000924, occupation count 9.224392, vector size 39)
WARNING (gmm-est[5.5.907~2-cbed4]:MleDiagGmmUpdate():mle-diag-gmm.cc:359) Too little data - removing Gaussian (weight 0.000980, occupation count 9.778985, vector size 39)
WARNING (gmm-est[5.5.907~2-cbed4]:MleDiagGmmUpdate():mle-diag-gmm.cc:359) Too little data - removing Gaussian (weight 0.000928, occupation count 9.259575, vector size 39)
WARNING (gmm-est[5.5.907~2-cbed4]:MleDiagGmmUpdate():mle-diag-gmm.cc:359) Too little data - removing Gaussian (weight 0.000850, occupation count 8.484035, vector size 39)
WARNING (gmm-est[5.5.907~2-cbed4]:MleDiagGmmUpdate():mle-diag-gmm.cc:359) Too little data - removing Gaussian (weight 0.000996, occupation count 9.937226, vector size 39)
WARNING (gmm-est[5.5.907~2-cbed4]:MleDiagGmmUpdate():mle-diag-gmm.cc:359) Too little data - removing Gaussian (weight 0.000936, occupation count 9.346508, vector size 39)
WARNING (gmm-est[5.5.907~2-cbed4]:MleDiagGmmUpdate():mle-diag-gmm.cc:359) Too little data - removing Gaussian (weight 0.001792, occupation count 9.646257, vector size 39)
WARNING (gmm-est[5.5.907~2-cbed4]:MleDiagGmmUpdate():mle-diag-gmm.cc:359) Too little data - removing Gaussian (weight 0.001681, occupation count 9.048195, vector size 39)
WARNING (gmm-est[5.5.907~2-cbed4]:MleDiagGmmUpdate():mle-diag-gmm.cc:359) Too little data - removing Gaussian (weight 0.001429, occupation count 9.198750, vector size 39)
LOG (gmm-est[5.5.907~2-cbed4]:MleAmDiagGmmUpdate():mle-am-diag-gmm.cc:225) 0 variance elements floored in 0 Gaussians, out of 3451
LOG (gmm-est[5.5.907~2-cbed4]:MleAmDiagGmmUpdate():mle-am-diag-gmm.cc:229) Removed 35 Gaussians due to counts < --min-gaussian-occupancy=10 and --remove-low-count-gaussians=true
LOG (gmm-est[5.5.907~2-cbed4]:main():gmm-est.cc:113) GMM update: Overall 0.515284 objective function improvement per frame over 69416 frames
LOG (gmm-est[5.5.907~2-cbed4]:main():gmm-est.cc:116) GMM update: Overall avg like per frame = -75.6863 over 69416 frames.
WARNING (gmm-est[5.5.907~2-cbed4]:GetSplitTargets():model-common.cc:134) Could not split up to 4880 due to min-count = 20 (or no counts at all)

LOG (gmm-est[5.5.907~2-cbed4]:SplitByCount():am-diag-gmm.cc:116) Split 29 states with target = 4880, power = 0.25, perturb_factor = 0.01 and min_count = 20, split #Gauss from 3451 to 3486
LOG (gmm-est[5.5.907~2-cbed4]:main():gmm-est.cc:146) Written model to exp/tri2a/10.mdl
# Accounting: time=0 threads=1
# Ended (code 0) at Sun May  9 03:06:33 IST 2021, elapsed time 0 seconds
