# lattice-scale --inv-acoustic-scale=16 "ark:gunzip -c exp/mono/decode/lat.*.gz|" ark:- | lattice-add-penalty --word-ins-penalty=1.0 ark:- ark:- | lattice-best-path --word-symbol-table=exp/mono/graph/words.txt ark:- ark,t:- | utils/int2sym.pl -f 2- exp/mono/graph/words.txt | local/wer_hyp_filter > exp/mono/decode/scoring_kaldi/penalty_1.0/16.txt 
# Started at Sun May  9 02:59:28 IST 2021
#
lattice-add-penalty --word-ins-penalty=1.0 ark:- ark:- 
lattice-scale --inv-acoustic-scale=16 'ark:gunzip -c exp/mono/decode/lat.*.gz|' ark:- 
LOG (lattice-scale[5.5.907~2-cbed4]:main():lattice-scale.cc:107) Done 40 lattices.
lattice-best-path --word-symbol-table=exp/mono/graph/words.txt ark:- ark,t:- 
LOG (lattice-best-path[5.5.907~2-cbed4]:main():lattice-best-path.cc:99) For utterance w01, best cost 13.23 + 1799.45 = 1812.68 over 290 frames.
w01 
LOG (lattice-best-path[5.5.907~2-cbed4]:main():lattice-best-path.cc:99) For utterance w02, best cost 6.10049 + 1688.56 = 1694.66 over 267 frames.
w02 
LOG (lattice-best-path[5.5.907~2-cbed4]:main():lattice-best-path.cc:99) For utterance w03, best cost 8.06117 + 1747.93 = 1755.99 over 276 frames.
w03 
LOG (lattice-best-path[5.5.907~2-cbed4]:main():lattice-best-path.cc:99) For utterance w04, best cost 8.40796 + 1701.91 = 1710.32 over 265 frames.
w04 
LOG (lattice-best-path[5.5.907~2-cbed4]:main():lattice-best-path.cc:99) For utterance w05, best cost 10.2734 + 1660.61 = 1670.88 over 266 frames.
w05 
LOG (lattice-best-path[5.5.907~2-cbed4]:main():lattice-best-path.cc:99) For utterance w06, best cost 11.3296 + 2160.45 = 2171.78 over 335 frames.
w06 
LOG (lattice-add-penalty[5.5.907~2-cbed4]:main():lattice-add-penalty.cc:62) Done adding word insertion penalty to 40 lattices.
LOG (lattice-best-path[5.5.907~2-cbed4]:main():lattice-best-path.cc:99) For utterance w07, best cost 14.0941 + 2435.91 = 2450 over 390 frames.
w07 
LOG (lattice-best-path[5.5.907~2-cbed4]:main():lattice-best-path.cc:99) For utterance w08, best cost 11.3441 + 2170.88 = 2182.23 over 341 frames.
w08 
LOG (lattice-best-path[5.5.907~2-cbed4]:main():lattice-best-path.cc:99) For utterance w09, best cost 12.1388 + 2653.35 = 2665.49 over 424 frames.
w09 
LOG (lattice-best-path[5.5.907~2-cbed4]:main():lattice-best-path.cc:99) For utterance w10, best cost 15.1112 + 3055.59 = 3070.7 over 499 frames.
w10 
LOG (lattice-best-path[5.5.907~2-cbed4]:main():lattice-best-path.cc:99) For utterance x01, best cost 28.7057 + 2732.99 = 2761.7 over 461 frames.
x01 
LOG (lattice-best-path[5.5.907~2-cbed4]:main():lattice-best-path.cc:99) For utterance x02, best cost 23.2741 + 2247.67 = 2270.95 over 370 frames.
x02 
LOG (lattice-best-path[5.5.907~2-cbed4]:main():lattice-best-path.cc:99) For utterance x03, best cost 22.6668 + 2519.79 = 2542.45 over 435 frames.
x03 
LOG (lattice-best-path[5.5.907~2-cbed4]:main():lattice-best-path.cc:99) For utterance x04, best cost 19.913 + 2200.54 = 2220.45 over 383 frames.
x04 
LOG (lattice-best-path[5.5.907~2-cbed4]:main():lattice-best-path.cc:99) For utterance x05, best cost 24.6083 + 2276.61 = 2301.22 over 409 frames.
x05 
LOG (lattice-best-path[5.5.907~2-cbed4]:main():lattice-best-path.cc:99) For utterance x06, best cost 35.2071 + 3062.11 = 3097.32 over 562 frames.
x06 
LOG (lattice-best-path[5.5.907~2-cbed4]:main():lattice-best-path.cc:99) For utterance x07, best cost 25.6205 + 2926.14 = 2951.76 over 519 frames.
x07 
LOG (lattice-best-path[5.5.907~2-cbed4]:main():lattice-best-path.cc:99) For utterance x08, best cost 32.687 + 2713.54 = 2746.22 over 477 frames.
x08 
LOG (lattice-best-path[5.5.907~2-cbed4]:main():lattice-best-path.cc:99) For utterance x09, best cost 28.2717 + 2919.79 = 2948.07 over 500 frames.
x09 
LOG (lattice-best-path[5.5.907~2-cbed4]:main():lattice-best-path.cc:99) For utterance x10, best cost 35.7863 + 3068.68 = 3104.47 over 536 frames.
x10 
LOG (lattice-best-path[5.5.907~2-cbed4]:main():lattice-best-path.cc:99) For utterance y01, best cost 7.62019 + 1405.86 = 1413.48 over 230 frames.
y01 
LOG (lattice-best-path[5.5.907~2-cbed4]:main():lattice-best-path.cc:99) For utterance y02, best cost 7.49226 + 1317.79 = 1325.28 over 220 frames.
y02 
LOG (lattice-best-path[5.5.907~2-cbed4]:main():lattice-best-path.cc:99) For utterance y03, best cost 9.79061 + 1369.07 = 1378.86 over 227 frames.
y03 
LOG (lattice-best-path[5.5.907~2-cbed4]:main():lattice-best-path.cc:99) For utterance y04, best cost 11.851 + 1270.25 = 1282.1 over 208 frames.
y04 
LOG (lattice-best-path[5.5.907~2-cbed4]:main():lattice-best-path.cc:99) For utterance y05, best cost 9.97583 + 1159.37 = 1169.35 over 189 frames.
y05 
LOG (lattice-best-path[5.5.907~2-cbed4]:main():lattice-best-path.cc:99) For utterance y06, best cost 23.2152 + 2080.87 = 2104.08 over 362 frames.
y06 
LOG (lattice-best-path[5.5.907~2-cbed4]:main():lattice-best-path.cc:99) For utterance y07, best cost 10.5827 + 1534.36 = 1544.95 over 247 frames.
y07 
LOG (lattice-best-path[5.5.907~2-cbed4]:main():lattice-best-path.cc:99) For utterance y08, best cost 10.0266 + 1511.39 = 1521.42 over 246 frames.
y08 
LOG (lattice-best-path[5.5.907~2-cbed4]:main():lattice-best-path.cc:99) For utterance y09, best cost 6.04864 + 1617.49 = 1623.54 over 258 frames.
y09 
LOG (lattice-best-path[5.5.907~2-cbed4]:main():lattice-best-path.cc:99) For utterance y10, best cost 10.5095 + 1530.95 = 1541.46 over 251 frames.
y10 
LOG (lattice-best-path[5.5.907~2-cbed4]:main():lattice-best-path.cc:99) For utterance z01, best cost 26.3851 + 2962.6 = 2988.98 over 476 frames.
z01 
LOG (lattice-best-path[5.5.907~2-cbed4]:main():lattice-best-path.cc:99) For utterance z02, best cost 18.655 + 2422.26 = 2440.92 over 385 frames.
z02 
LOG (lattice-best-path[5.5.907~2-cbed4]:main():lattice-best-path.cc:99) For utterance z03, best cost 13.9367 + 2361.56 = 2375.49 over 374 frames.
z03 
LOG (lattice-best-path[5.5.907~2-cbed4]:main():lattice-best-path.cc:99) For utterance z04, best cost 13.6316 + 2074.83 = 2088.47 over 340 frames.
z04 
LOG (lattice-best-path[5.5.907~2-cbed4]:main():lattice-best-path.cc:99) For utterance z05, best cost 18.0953 + 1972.49 = 1990.58 over 322 frames.
z05 
LOG (lattice-best-path[5.5.907~2-cbed4]:main():lattice-best-path.cc:99) For utterance z06, best cost 21.3384 + 2714.62 = 2735.96 over 432 frames.
z06 
LOG (lattice-best-path[5.5.907~2-cbed4]:main():lattice-best-path.cc:99) For utterance z07, best cost 26.1964 + 2740.72 = 2766.91 over 442 frames.
z07 
LOG (lattice-best-path[5.5.907~2-cbed4]:main():lattice-best-path.cc:99) For utterance z08, best cost 18.7796 + 2437.6 = 2456.38 over 400 frames.
z08 
LOG (lattice-best-path[5.5.907~2-cbed4]:main():lattice-best-path.cc:99) For utterance z09, best cost 26.2506 + 2893.1 = 2919.35 over 458 frames.
z09 
LOG (lattice-best-path[5.5.907~2-cbed4]:main():lattice-best-path.cc:99) For utterance z10, best cost 23.8121 + 2807.57 = 2831.38 over 439 frames.
z10 
LOG (lattice-best-path[5.5.907~2-cbed4]:main():lattice-best-path.cc:124) Overall cost per frame is 6.10766 = 0.0483099 [graph] + 6.05935 [acoustic] over 14511 frames.
LOG (lattice-best-path[5.5.907~2-cbed4]:main():lattice-best-path.cc:128) Done 40 lattices, failed for 0
# Accounting: time=0 threads=1
# Ended (code 0) at Sun May  9 02:59:28 IST 2021, elapsed time 0 seconds
