# lattice-scale --inv-acoustic-scale=11 "ark:gunzip -c exp/mono/decode/lat.*.gz|" ark:- | lattice-add-penalty --word-ins-penalty=1.0 ark:- ark:- | lattice-best-path --word-symbol-table=exp/mono/graph/words.txt ark:- ark,t:- | utils/int2sym.pl -f 2- exp/mono/graph/words.txt | local/wer_hyp_filter > exp/mono/decode/scoring_kaldi/penalty_1.0/11.txt 
# Started at Sun May  9 02:59:28 IST 2021
#
lattice-scale --inv-acoustic-scale=11 'ark:gunzip -c exp/mono/decode/lat.*.gz|' ark:- 
lattice-add-penalty --word-ins-penalty=1.0 ark:- ark:- 
LOG (lattice-scale[5.5.907~2-cbed4]:main():lattice-scale.cc:107) Done 40 lattices.
lattice-best-path --word-symbol-table=exp/mono/graph/words.txt ark:- ark,t:- 
LOG (lattice-best-path[5.5.907~2-cbed4]:main():lattice-best-path.cc:99) For utterance w01, best cost 13.23 + 2617.38 = 2630.61 over 290 frames.
w01 
LOG (lattice-best-path[5.5.907~2-cbed4]:main():lattice-best-path.cc:99) For utterance w02, best cost 6.10049 + 2456.09 = 2462.19 over 267 frames.
w02 
LOG (lattice-best-path[5.5.907~2-cbed4]:main():lattice-best-path.cc:99) For utterance w03, best cost 8.06117 + 2542.44 = 2550.5 over 276 frames.
w03 
LOG (lattice-best-path[5.5.907~2-cbed4]:main():lattice-best-path.cc:99) For utterance w04, best cost 8.40796 + 2475.5 = 2483.91 over 265 frames.
w04 
LOG (lattice-best-path[5.5.907~2-cbed4]:main():lattice-best-path.cc:99) For utterance w05, best cost 10.2734 + 2415.43 = 2425.71 over 266 frames.
w05 
LOG (lattice-best-path[5.5.907~2-cbed4]:main():lattice-best-path.cc:99) For utterance w06, best cost 11.3296 + 3142.47 = 3153.8 over 335 frames.
w06 
LOG (lattice-best-path[5.5.907~2-cbed4]:main():lattice-best-path.cc:99) For utterance w07, best cost 14.0941 + 3543.14 = 3557.24 over 390 frames.
w07 
LOG (lattice-best-path[5.5.907~2-cbed4]:main():lattice-best-path.cc:99) For utterance w08, best cost 11.3441 + 3157.65 = 3168.99 over 341 frames.
LOG (lattice-add-penalty[5.5.907~2-cbed4]:main():lattice-add-penalty.cc:62) Done adding word insertion penalty to 40 lattices.
w08 
LOG (lattice-best-path[5.5.907~2-cbed4]:main():lattice-best-path.cc:99) For utterance w09, best cost 12.1388 + 3859.42 = 3871.55 over 424 frames.
w09 
LOG (lattice-best-path[5.5.907~2-cbed4]:main():lattice-best-path.cc:99) For utterance w10, best cost 15.1112 + 4444.5 = 4459.61 over 499 frames.
w10 
LOG (lattice-best-path[5.5.907~2-cbed4]:main():lattice-best-path.cc:99) For utterance x01, best cost 28.7057 + 3975.26 = 4003.97 over 461 frames.
x01 
LOG (lattice-best-path[5.5.907~2-cbed4]:main():lattice-best-path.cc:99) For utterance x02, best cost 23.2741 + 3269.34 = 3292.61 over 370 frames.
x02 
LOG (lattice-best-path[5.5.907~2-cbed4]:main():lattice-best-path.cc:99) For utterance x03, best cost 22.6668 + 3665.15 = 3687.81 over 435 frames.
x03 
LOG (lattice-best-path[5.5.907~2-cbed4]:main():lattice-best-path.cc:99) For utterance x04, best cost 19.913 + 3200.78 = 3220.69 over 383 frames.
x04 
LOG (lattice-best-path[5.5.907~2-cbed4]:main():lattice-best-path.cc:99) For utterance x05, best cost 24.6083 + 3311.44 = 3336.05 over 409 frames.
x05 
LOG (lattice-best-path[5.5.907~2-cbed4]:main():lattice-best-path.cc:99) For utterance x06, best cost 35.2071 + 4453.98 = 4489.19 over 562 frames.
x06 
LOG (lattice-best-path[5.5.907~2-cbed4]:main():lattice-best-path.cc:99) For utterance x07, best cost 25.6205 + 4256.2 = 4281.82 over 519 frames.
x07 
LOG (lattice-best-path[5.5.907~2-cbed4]:main():lattice-best-path.cc:99) For utterance x08, best cost 32.687 + 3946.96 = 3979.65 over 477 frames.
x08 
LOG (lattice-best-path[5.5.907~2-cbed4]:main():lattice-best-path.cc:99) For utterance x09, best cost 28.2717 + 4246.97 = 4275.24 over 500 frames.
x09 
LOG (lattice-best-path[5.5.907~2-cbed4]:main():lattice-best-path.cc:99) For utterance x10, best cost 35.7863 + 4463.54 = 4499.33 over 536 frames.
x10 
LOG (lattice-best-path[5.5.907~2-cbed4]:main():lattice-best-path.cc:99) For utterance y01, best cost 7.62019 + 2044.89 = 2052.51 over 230 frames.
y01 
LOG (lattice-best-path[5.5.907~2-cbed4]:main():lattice-best-path.cc:99) For utterance y02, best cost 7.49226 + 1916.78 = 1924.27 over 220 frames.
y02 
LOG (lattice-best-path[5.5.907~2-cbed4]:main():lattice-best-path.cc:99) For utterance y03, best cost 9.79061 + 1991.38 = 2001.17 over 227 frames.
y03 
LOG (lattice-best-path[5.5.907~2-cbed4]:main():lattice-best-path.cc:99) For utterance y04, best cost 11.851 + 1847.63 = 1859.48 over 208 frames.
y04 
LOG (lattice-best-path[5.5.907~2-cbed4]:main():lattice-best-path.cc:99) For utterance y05, best cost 9.97583 + 1686.36 = 1696.34 over 189 frames.
y05 
LOG (lattice-best-path[5.5.907~2-cbed4]:main():lattice-best-path.cc:99) For utterance y06, best cost 23.2152 + 3026.71 = 3049.93 over 362 frames.
y06 
LOG (lattice-best-path[5.5.907~2-cbed4]:main():lattice-best-path.cc:99) For utterance y07, best cost 10.5827 + 2231.8 = 2242.38 over 247 frames.
y07 
LOG (lattice-best-path[5.5.907~2-cbed4]:main():lattice-best-path.cc:99) For utterance y08, best cost 10.0266 + 2198.38 = 2208.41 over 246 frames.
y08 
LOG (lattice-best-path[5.5.907~2-cbed4]:main():lattice-best-path.cc:99) For utterance y09, best cost 6.04864 + 2352.71 = 2358.76 over 258 frames.
y09 
LOG (lattice-best-path[5.5.907~2-cbed4]:main():lattice-best-path.cc:99) For utterance y10, best cost 10.5095 + 2226.84 = 2237.35 over 251 frames.
y10 
LOG (lattice-best-path[5.5.907~2-cbed4]:main():lattice-best-path.cc:99) For utterance z01, best cost 26.3851 + 4309.23 = 4335.62 over 476 frames.
z01 
LOG (lattice-best-path[5.5.907~2-cbed4]:main():lattice-best-path.cc:99) For utterance z02, best cost 18.655 + 3523.29 = 3541.94 over 385 frames.
z02 
LOG (lattice-best-path[5.5.907~2-cbed4]:main():lattice-best-path.cc:99) For utterance z03, best cost 13.9367 + 3434.99 = 3448.93 over 374 frames.
z03 
LOG (lattice-best-path[5.5.907~2-cbed4]:main():lattice-best-path.cc:99) For utterance z04, best cost 13.6316 + 3017.94 = 3031.57 over 340 frames.
z04 
LOG (lattice-best-path[5.5.907~2-cbed4]:main():lattice-best-path.cc:99) For utterance z05, best cost 18.0953 + 2869.07 = 2887.16 over 322 frames.
z05 
LOG (lattice-best-path[5.5.907~2-cbed4]:main():lattice-best-path.cc:99) For utterance z06, best cost 21.3384 + 3948.55 = 3969.88 over 432 frames.
z06 
LOG (lattice-best-path[5.5.907~2-cbed4]:main():lattice-best-path.cc:99) For utterance z07, best cost 26.1964 + 3986.49 = 4012.69 over 442 frames.
z07 
LOG (lattice-best-path[5.5.907~2-cbed4]:main():lattice-best-path.cc:99) For utterance z08, best cost 18.7796 + 3545.6 = 3564.38 over 400 frames.
z08 
LOG (lattice-best-path[5.5.907~2-cbed4]:main():lattice-best-path.cc:99) For utterance z09, best cost 26.2506 + 4208.14 = 4234.4 over 458 frames.
z09 
LOG (lattice-best-path[5.5.907~2-cbed4]:main():lattice-best-path.cc:99) For utterance z10, best cost 23.8121 + 4083.74 = 4107.55 over 439 frames.
z10 
LOG (lattice-best-path[5.5.907~2-cbed4]:main():lattice-best-path.cc:124) Overall cost per frame is 8.86191 = 0.0483099 [graph] + 8.8136 [acoustic] over 14511 frames.
LOG (lattice-best-path[5.5.907~2-cbed4]:main():lattice-best-path.cc:128) Done 40 lattices, failed for 0
# Accounting: time=0 threads=1
# Ended (code 0) at Sun May  9 02:59:28 IST 2021, elapsed time 0 seconds
