# gmm-align-compiled --transition-scale=1.0 --acoustic-scale=0.1 --self-loop-scale=0.1 --beam=6 --retry-beam=40 --careful=false "gmm-boost-silence --boost=1.0 1 exp/mono/1.mdl - |" "ark:gunzip -c exp/mono/fsts.1.gz|" "ark,s,cs:apply-cmvn  --utt2spk=ark:data/train/split1/1/utt2spk scp:data/train/split1/1/cmvn.scp scp:data/train/split1/1/feats.scp ark:- | add-deltas  ark:- ark:- |" "ark,t:|gzip -c >exp/mono/ali.1.gz" 
# Started at Sat May  8 19:17:12 IST 2021
#
gmm-align-compiled --transition-scale=1.0 --acoustic-scale=0.1 --self-loop-scale=0.1 --beam=6 --retry-beam=40 --careful=false 'gmm-boost-silence --boost=1.0 1 exp/mono/1.mdl - |' 'ark:gunzip -c exp/mono/fsts.1.gz|' 'ark,s,cs:apply-cmvn  --utt2spk=ark:data/train/split1/1/utt2spk scp:data/train/split1/1/cmvn.scp scp:data/train/split1/1/feats.scp ark:- | add-deltas  ark:- ark:- |' 'ark,t:|gzip -c >exp/mono/ali.1.gz' 
gmm-boost-silence --boost=1.0 1 exp/mono/1.mdl - 
WARNING (gmm-boost-silence[5.5.907~2-cbed4]:main():gmm-boost-silence.cc:82) The pdfs for the silence phones may be shared by other phones (note: this probably does not matter.)
LOG (gmm-boost-silence[5.5.907~2-cbed4]:main():gmm-boost-silence.cc:93) Boosted weights for 5 pdfs, by factor of 1
LOG (gmm-boost-silence[5.5.907~2-cbed4]:main():gmm-boost-silence.cc:103) Wrote model to -
apply-cmvn --utt2spk=ark:data/train/split1/1/utt2spk scp:data/train/split1/1/cmvn.scp scp:data/train/split1/1/feats.scp ark:- 
add-deltas ark:- ark:- 
LOG (gmm-align-compiled[5.5.907~2-cbed4]:main():gmm-align-compiled.cc:127) a01
WARNING (gmm-align-compiled[5.5.907~2-cbed4]:AlignUtteranceWrapper():decoder-wrappers.cc:617) Retrying utterance a01 with beam 40
LOG (gmm-align-compiled[5.5.907~2-cbed4]:main():gmm-align-compiled.cc:127) a02
WARNING (gmm-align-compiled[5.5.907~2-cbed4]:AlignUtteranceWrapper():decoder-wrappers.cc:617) Retrying utterance a02 with beam 40
LOG (gmm-align-compiled[5.5.907~2-cbed4]:main():gmm-align-compiled.cc:127) a03
WARNING (gmm-align-compiled[5.5.907~2-cbed4]:AlignUtteranceWrapper():decoder-wrappers.cc:617) Retrying utterance a03 with beam 40
LOG (gmm-align-compiled[5.5.907~2-cbed4]:main():gmm-align-compiled.cc:127) a04
WARNING (gmm-align-compiled[5.5.907~2-cbed4]:AlignUtteranceWrapper():decoder-wrappers.cc:617) Retrying utterance a04 with beam 40
LOG (gmm-align-compiled[5.5.907~2-cbed4]:main():gmm-align-compiled.cc:127) a05
WARNING (gmm-align-compiled[5.5.907~2-cbed4]:AlignUtteranceWrapper():decoder-wrappers.cc:617) Retrying utterance a05 with beam 40
LOG (gmm-align-compiled[5.5.907~2-cbed4]:main():gmm-align-compiled.cc:127) a06
WARNING (gmm-align-compiled[5.5.907~2-cbed4]:AlignUtteranceWrapper():decoder-wrappers.cc:617) Retrying utterance a06 with beam 40
LOG (gmm-align-compiled[5.5.907~2-cbed4]:main():gmm-align-compiled.cc:127) a07
WARNING (gmm-align-compiled[5.5.907~2-cbed4]:AlignUtteranceWrapper():decoder-wrappers.cc:617) Retrying utterance a07 with beam 40
LOG (gmm-align-compiled[5.5.907~2-cbed4]:main():gmm-align-compiled.cc:127) a08
WARNING (gmm-align-compiled[5.5.907~2-cbed4]:AlignUtteranceWrapper():decoder-wrappers.cc:617) Retrying utterance a08 with beam 40
LOG (gmm-align-compiled[5.5.907~2-cbed4]:main():gmm-align-compiled.cc:127) a09
WARNING (gmm-align-compiled[5.5.907~2-cbed4]:AlignUtteranceWrapper():decoder-wrappers.cc:617) Retrying utterance a09 with beam 40
LOG (gmm-align-compiled[5.5.907~2-cbed4]:main():gmm-align-compiled.cc:127) a10
WARNING (gmm-align-compiled[5.5.907~2-cbed4]:AlignUtteranceWrapper():decoder-wrappers.cc:617) Retrying utterance a10 with beam 40
LOG (gmm-align-compiled[5.5.907~2-cbed4]:main():gmm-align-compiled.cc:127) b01
WARNING (gmm-align-compiled[5.5.907~2-cbed4]:AlignUtteranceWrapper():decoder-wrappers.cc:617) Retrying utterance b01 with beam 40
LOG (gmm-align-compiled[5.5.907~2-cbed4]:main():gmm-align-compiled.cc:127) b02
WARNING (gmm-align-compiled[5.5.907~2-cbed4]:AlignUtteranceWrapper():decoder-wrappers.cc:617) Retrying utterance b02 with beam 40
LOG (gmm-align-compiled[5.5.907~2-cbed4]:main():gmm-align-compiled.cc:127) b03
WARNING (gmm-align-compiled[5.5.907~2-cbed4]:AlignUtteranceWrapper():decoder-wrappers.cc:617) Retrying utterance b03 with beam 40
LOG (gmm-align-compiled[5.5.907~2-cbed4]:main():gmm-align-compiled.cc:127) b04
WARNING (gmm-align-compiled[5.5.907~2-cbed4]:AlignUtteranceWrapper():decoder-wrappers.cc:617) Retrying utterance b04 with beam 40
LOG (gmm-align-compiled[5.5.907~2-cbed4]:main():gmm-align-compiled.cc:127) b05
WARNING (gmm-align-compiled[5.5.907~2-cbed4]:AlignUtteranceWrapper():decoder-wrappers.cc:617) Retrying utterance b05 with beam 40
LOG (gmm-align-compiled[5.5.907~2-cbed4]:main():gmm-align-compiled.cc:127) b06
WARNING (gmm-align-compiled[5.5.907~2-cbed4]:AlignUtteranceWrapper():decoder-wrappers.cc:617) Retrying utterance b06 with beam 40
LOG (gmm-align-compiled[5.5.907~2-cbed4]:main():gmm-align-compiled.cc:127) b07
WARNING (gmm-align-compiled[5.5.907~2-cbed4]:AlignUtteranceWrapper():decoder-wrappers.cc:617) Retrying utterance b07 with beam 40
LOG (gmm-align-compiled[5.5.907~2-cbed4]:main():gmm-align-compiled.cc:127) b08
WARNING (gmm-align-compiled[5.5.907~2-cbed4]:AlignUtteranceWrapper():decoder-wrappers.cc:617) Retrying utterance b08 with beam 40
LOG (gmm-align-compiled[5.5.907~2-cbed4]:main():gmm-align-compiled.cc:127) b09
WARNING (gmm-align-compiled[5.5.907~2-cbed4]:AlignUtteranceWrapper():decoder-wrappers.cc:617) Retrying utterance b09 with beam 40
LOG (gmm-align-compiled[5.5.907~2-cbed4]:main():gmm-align-compiled.cc:127) b10
WARNING (gmm-align-compiled[5.5.907~2-cbed4]:AlignUtteranceWrapper():decoder-wrappers.cc:617) Retrying utterance b10 with beam 40
LOG (gmm-align-compiled[5.5.907~2-cbed4]:main():gmm-align-compiled.cc:127) c01
WARNING (gmm-align-compiled[5.5.907~2-cbed4]:AlignUtteranceWrapper():decoder-wrappers.cc:617) Retrying utterance c01 with beam 40
LOG (gmm-align-compiled[5.5.907~2-cbed4]:main():gmm-align-compiled.cc:127) c02
WARNING (gmm-align-compiled[5.5.907~2-cbed4]:AlignUtteranceWrapper():decoder-wrappers.cc:617) Retrying utterance c02 with beam 40
LOG (gmm-align-compiled[5.5.907~2-cbed4]:main():gmm-align-compiled.cc:127) c03
LOG (gmm-align-compiled[5.5.907~2-cbed4]:main():gmm-align-compiled.cc:127) c04
WARNING (gmm-align-compiled[5.5.907~2-cbed4]:AlignUtteranceWrapper():decoder-wrappers.cc:617) Retrying utterance c04 with beam 40
LOG (gmm-align-compiled[5.5.907~2-cbed4]:main():gmm-align-compiled.cc:127) c05
WARNING (gmm-align-compiled[5.5.907~2-cbed4]:AlignUtteranceWrapper():decoder-wrappers.cc:617) Retrying utterance c05 with beam 40
LOG (gmm-align-compiled[5.5.907~2-cbed4]:main():gmm-align-compiled.cc:127) c06
WARNING (gmm-align-compiled[5.5.907~2-cbed4]:AlignUtteranceWrapper():decoder-wrappers.cc:617) Retrying utterance c06 with beam 40
LOG (gmm-align-compiled[5.5.907~2-cbed4]:main():gmm-align-compiled.cc:127) c07
WARNING (gmm-align-compiled[5.5.907~2-cbed4]:AlignUtteranceWrapper():decoder-wrappers.cc:617) Retrying utterance c07 with beam 40
LOG (gmm-align-compiled[5.5.907~2-cbed4]:main():gmm-align-compiled.cc:127) c08
WARNING (gmm-align-compiled[5.5.907~2-cbed4]:AlignUtteranceWrapper():decoder-wrappers.cc:617) Retrying utterance c08 with beam 40
LOG (gmm-align-compiled[5.5.907~2-cbed4]:main():gmm-align-compiled.cc:127) c09
WARNING (gmm-align-compiled[5.5.907~2-cbed4]:AlignUtteranceWrapper():decoder-wrappers.cc:617) Retrying utterance c09 with beam 40
LOG (gmm-align-compiled[5.5.907~2-cbed4]:main():gmm-align-compiled.cc:127) c10
WARNING (gmm-align-compiled[5.5.907~2-cbed4]:AlignUtteranceWrapper():decoder-wrappers.cc:617) Retrying utterance c10 with beam 40
LOG (gmm-align-compiled[5.5.907~2-cbed4]:main():gmm-align-compiled.cc:127) d01
WARNING (gmm-align-compiled[5.5.907~2-cbed4]:AlignUtteranceWrapper():decoder-wrappers.cc:617) Retrying utterance d01 with beam 40
LOG (gmm-align-compiled[5.5.907~2-cbed4]:main():gmm-align-compiled.cc:127) d02
WARNING (gmm-align-compiled[5.5.907~2-cbed4]:AlignUtteranceWrapper():decoder-wrappers.cc:617) Retrying utterance d02 with beam 40
LOG (gmm-align-compiled[5.5.907~2-cbed4]:main():gmm-align-compiled.cc:127) d03
WARNING (gmm-align-compiled[5.5.907~2-cbed4]:AlignUtteranceWrapper():decoder-wrappers.cc:617) Retrying utterance d03 with beam 40
LOG (gmm-align-compiled[5.5.907~2-cbed4]:main():gmm-align-compiled.cc:127) d04
WARNING (gmm-align-compiled[5.5.907~2-cbed4]:AlignUtteranceWrapper():decoder-wrappers.cc:617) Retrying utterance d04 with beam 40
LOG (gmm-align-compiled[5.5.907~2-cbed4]:main():gmm-align-compiled.cc:127) d05
WARNING (gmm-align-compiled[5.5.907~2-cbed4]:AlignUtteranceWrapper():decoder-wrappers.cc:617) Retrying utterance d05 with beam 40
LOG (gmm-align-compiled[5.5.907~2-cbed4]:main():gmm-align-compiled.cc:127) d06
WARNING (gmm-align-compiled[5.5.907~2-cbed4]:AlignUtteranceWrapper():decoder-wrappers.cc:617) Retrying utterance d06 with beam 40
LOG (gmm-align-compiled[5.5.907~2-cbed4]:main():gmm-align-compiled.cc:127) d07
WARNING (gmm-align-compiled[5.5.907~2-cbed4]:AlignUtteranceWrapper():decoder-wrappers.cc:617) Retrying utterance d07 with beam 40
LOG (gmm-align-compiled[5.5.907~2-cbed4]:main():gmm-align-compiled.cc:127) d08
WARNING (gmm-align-compiled[5.5.907~2-cbed4]:AlignUtteranceWrapper():decoder-wrappers.cc:617) Retrying utterance d08 with beam 40
LOG (gmm-align-compiled[5.5.907~2-cbed4]:main():gmm-align-compiled.cc:127) d09
WARNING (gmm-align-compiled[5.5.907~2-cbed4]:AlignUtteranceWrapper():decoder-wrappers.cc:617) Retrying utterance d09 with beam 40
LOG (gmm-align-compiled[5.5.907~2-cbed4]:main():gmm-align-compiled.cc:127) d10
WARNING (gmm-align-compiled[5.5.907~2-cbed4]:AlignUtteranceWrapper():decoder-wrappers.cc:617) Retrying utterance d10 with beam 40
LOG (gmm-align-compiled[5.5.907~2-cbed4]:main():gmm-align-compiled.cc:127) h01
WARNING (gmm-align-compiled[5.5.907~2-cbed4]:AlignUtteranceWrapper():decoder-wrappers.cc:617) Retrying utterance h01 with beam 40
LOG (gmm-align-compiled[5.5.907~2-cbed4]:main():gmm-align-compiled.cc:127) h02
WARNING (gmm-align-compiled[5.5.907~2-cbed4]:AlignUtteranceWrapper():decoder-wrappers.cc:617) Retrying utterance h02 with beam 40
LOG (gmm-align-compiled[5.5.907~2-cbed4]:main():gmm-align-compiled.cc:127) h03
WARNING (gmm-align-compiled[5.5.907~2-cbed4]:AlignUtteranceWrapper():decoder-wrappers.cc:617) Retrying utterance h03 with beam 40
LOG (gmm-align-compiled[5.5.907~2-cbed4]:main():gmm-align-compiled.cc:127) h04
WARNING (gmm-align-compiled[5.5.907~2-cbed4]:AlignUtteranceWrapper():decoder-wrappers.cc:617) Retrying utterance h04 with beam 40
LOG (gmm-align-compiled[5.5.907~2-cbed4]:main():gmm-align-compiled.cc:127) h05
WARNING (gmm-align-compiled[5.5.907~2-cbed4]:AlignUtteranceWrapper():decoder-wrappers.cc:617) Retrying utterance h05 with beam 40
LOG (gmm-align-compiled[5.5.907~2-cbed4]:main():gmm-align-compiled.cc:127) h06
WARNING (gmm-align-compiled[5.5.907~2-cbed4]:AlignUtteranceWrapper():decoder-wrappers.cc:617) Retrying utterance h06 with beam 40
LOG (gmm-align-compiled[5.5.907~2-cbed4]:main():gmm-align-compiled.cc:127) h07
WARNING (gmm-align-compiled[5.5.907~2-cbed4]:AlignUtteranceWrapper():decoder-wrappers.cc:617) Retrying utterance h07 with beam 40
LOG (gmm-align-compiled[5.5.907~2-cbed4]:main():gmm-align-compiled.cc:127) h08
WARNING (gmm-align-compiled[5.5.907~2-cbed4]:AlignUtteranceWrapper():decoder-wrappers.cc:617) Retrying utterance h08 with beam 40
LOG (gmm-align-compiled[5.5.907~2-cbed4]:main():gmm-align-compiled.cc:127) h09
WARNING (gmm-align-compiled[5.5.907~2-cbed4]:AlignUtteranceWrapper():decoder-wrappers.cc:617) Retrying utterance h09 with beam 40
LOG (gmm-align-compiled[5.5.907~2-cbed4]:main():gmm-align-compiled.cc:127) h10
WARNING (gmm-align-compiled[5.5.907~2-cbed4]:AlignUtteranceWrapper():decoder-wrappers.cc:617) Retrying utterance h10 with beam 40
LOG (gmm-align-compiled[5.5.907~2-cbed4]:main():gmm-align-compiled.cc:127) k01
WARNING (gmm-align-compiled[5.5.907~2-cbed4]:AlignUtteranceWrapper():decoder-wrappers.cc:617) Retrying utterance k01 with beam 40
LOG (gmm-align-compiled[5.5.907~2-cbed4]:main():gmm-align-compiled.cc:127) k02
WARNING (gmm-align-compiled[5.5.907~2-cbed4]:AlignUtteranceWrapper():decoder-wrappers.cc:617) Retrying utterance k02 with beam 40
LOG (gmm-align-compiled[5.5.907~2-cbed4]:main():gmm-align-compiled.cc:127) k03
WARNING (gmm-align-compiled[5.5.907~2-cbed4]:AlignUtteranceWrapper():decoder-wrappers.cc:617) Retrying utterance k03 with beam 40
LOG (gmm-align-compiled[5.5.907~2-cbed4]:main():gmm-align-compiled.cc:127) k04
WARNING (gmm-align-compiled[5.5.907~2-cbed4]:AlignUtteranceWrapper():decoder-wrappers.cc:617) Retrying utterance k04 with beam 40
LOG (gmm-align-compiled[5.5.907~2-cbed4]:main():gmm-align-compiled.cc:127) k05
WARNING (gmm-align-compiled[5.5.907~2-cbed4]:AlignUtteranceWrapper():decoder-wrappers.cc:617) Retrying utterance k05 with beam 40
LOG (gmm-align-compiled[5.5.907~2-cbed4]:main():gmm-align-compiled.cc:127) k06
WARNING (gmm-align-compiled[5.5.907~2-cbed4]:AlignUtteranceWrapper():decoder-wrappers.cc:617) Retrying utterance k06 with beam 40
LOG (gmm-align-compiled[5.5.907~2-cbed4]:main():gmm-align-compiled.cc:127) k07
WARNING (gmm-align-compiled[5.5.907~2-cbed4]:AlignUtteranceWrapper():decoder-wrappers.cc:617) Retrying utterance k07 with beam 40
LOG (gmm-align-compiled[5.5.907~2-cbed4]:main():gmm-align-compiled.cc:127) k08
WARNING (gmm-align-compiled[5.5.907~2-cbed4]:AlignUtteranceWrapper():decoder-wrappers.cc:617) Retrying utterance k08 with beam 40
LOG (gmm-align-compiled[5.5.907~2-cbed4]:main():gmm-align-compiled.cc:127) k09
WARNING (gmm-align-compiled[5.5.907~2-cbed4]:AlignUtteranceWrapper():decoder-wrappers.cc:617) Retrying utterance k09 with beam 40
LOG (gmm-align-compiled[5.5.907~2-cbed4]:main():gmm-align-compiled.cc:127) k10
WARNING (gmm-align-compiled[5.5.907~2-cbed4]:AlignUtteranceWrapper():decoder-wrappers.cc:617) Retrying utterance k10 with beam 40
LOG (gmm-align-compiled[5.5.907~2-cbed4]:main():gmm-align-compiled.cc:127) m01
WARNING (gmm-align-compiled[5.5.907~2-cbed4]:AlignUtteranceWrapper():decoder-wrappers.cc:617) Retrying utterance m01 with beam 40
LOG (gmm-align-compiled[5.5.907~2-cbed4]:main():gmm-align-compiled.cc:127) m02
WARNING (gmm-align-compiled[5.5.907~2-cbed4]:AlignUtteranceWrapper():decoder-wrappers.cc:617) Retrying utterance m02 with beam 40
LOG (gmm-align-compiled[5.5.907~2-cbed4]:main():gmm-align-compiled.cc:127) m03
WARNING (gmm-align-compiled[5.5.907~2-cbed4]:AlignUtteranceWrapper():decoder-wrappers.cc:617) Retrying utterance m03 with beam 40
LOG (gmm-align-compiled[5.5.907~2-cbed4]:main():gmm-align-compiled.cc:127) m04
WARNING (gmm-align-compiled[5.5.907~2-cbed4]:AlignUtteranceWrapper():decoder-wrappers.cc:617) Retrying utterance m04 with beam 40
LOG (gmm-align-compiled[5.5.907~2-cbed4]:main():gmm-align-compiled.cc:127) m05
WARNING (gmm-align-compiled[5.5.907~2-cbed4]:AlignUtteranceWrapper():decoder-wrappers.cc:617) Retrying utterance m05 with beam 40
LOG (gmm-align-compiled[5.5.907~2-cbed4]:main():gmm-align-compiled.cc:127) m06
WARNING (gmm-align-compiled[5.5.907~2-cbed4]:AlignUtteranceWrapper():decoder-wrappers.cc:617) Retrying utterance m06 with beam 40
LOG (gmm-align-compiled[5.5.907~2-cbed4]:main():gmm-align-compiled.cc:127) m07
WARNING (gmm-align-compiled[5.5.907~2-cbed4]:AlignUtteranceWrapper():decoder-wrappers.cc:617) Retrying utterance m07 with beam 40
LOG (gmm-align-compiled[5.5.907~2-cbed4]:main():gmm-align-compiled.cc:127) m08
WARNING (gmm-align-compiled[5.5.907~2-cbed4]:AlignUtteranceWrapper():decoder-wrappers.cc:617) Retrying utterance m08 with beam 40
LOG (gmm-align-compiled[5.5.907~2-cbed4]:main():gmm-align-compiled.cc:127) m09
WARNING (gmm-align-compiled[5.5.907~2-cbed4]:AlignUtteranceWrapper():decoder-wrappers.cc:617) Retrying utterance m09 with beam 40
LOG (gmm-align-compiled[5.5.907~2-cbed4]:main():gmm-align-compiled.cc:127) m10
WARNING (gmm-align-compiled[5.5.907~2-cbed4]:AlignUtteranceWrapper():decoder-wrappers.cc:617) Retrying utterance m10 with beam 40
LOG (gmm-align-compiled[5.5.907~2-cbed4]:main():gmm-align-compiled.cc:127) r01
WARNING (gmm-align-compiled[5.5.907~2-cbed4]:AlignUtteranceWrapper():decoder-wrappers.cc:617) Retrying utterance r01 with beam 40
LOG (gmm-align-compiled[5.5.907~2-cbed4]:main():gmm-align-compiled.cc:127) r02
WARNING (gmm-align-compiled[5.5.907~2-cbed4]:AlignUtteranceWrapper():decoder-wrappers.cc:617) Retrying utterance r02 with beam 40
LOG (gmm-align-compiled[5.5.907~2-cbed4]:main():gmm-align-compiled.cc:127) r03
WARNING (gmm-align-compiled[5.5.907~2-cbed4]:AlignUtteranceWrapper():decoder-wrappers.cc:617) Retrying utterance r03 with beam 40
LOG (gmm-align-compiled[5.5.907~2-cbed4]:main():gmm-align-compiled.cc:127) r04
WARNING (gmm-align-compiled[5.5.907~2-cbed4]:AlignUtteranceWrapper():decoder-wrappers.cc:617) Retrying utterance r04 with beam 40
LOG (gmm-align-compiled[5.5.907~2-cbed4]:main():gmm-align-compiled.cc:127) r05
WARNING (gmm-align-compiled[5.5.907~2-cbed4]:AlignUtteranceWrapper():decoder-wrappers.cc:617) Retrying utterance r05 with beam 40
LOG (gmm-align-compiled[5.5.907~2-cbed4]:main():gmm-align-compiled.cc:127) r06
WARNING (gmm-align-compiled[5.5.907~2-cbed4]:AlignUtteranceWrapper():decoder-wrappers.cc:617) Retrying utterance r06 with beam 40
LOG (gmm-align-compiled[5.5.907~2-cbed4]:main():gmm-align-compiled.cc:127) r07
WARNING (gmm-align-compiled[5.5.907~2-cbed4]:AlignUtteranceWrapper():decoder-wrappers.cc:617) Retrying utterance r07 with beam 40
LOG (gmm-align-compiled[5.5.907~2-cbed4]:main():gmm-align-compiled.cc:127) r08
WARNING (gmm-align-compiled[5.5.907~2-cbed4]:AlignUtteranceWrapper():decoder-wrappers.cc:617) Retrying utterance r08 with beam 40
LOG (gmm-align-compiled[5.5.907~2-cbed4]:main():gmm-align-compiled.cc:127) r09
WARNING (gmm-align-compiled[5.5.907~2-cbed4]:AlignUtteranceWrapper():decoder-wrappers.cc:617) Retrying utterance r09 with beam 40
LOG (gmm-align-compiled[5.5.907~2-cbed4]:main():gmm-align-compiled.cc:127) r10
WARNING (gmm-align-compiled[5.5.907~2-cbed4]:AlignUtteranceWrapper():decoder-wrappers.cc:617) Retrying utterance r10 with beam 40
LOG (gmm-align-compiled[5.5.907~2-cbed4]:main():gmm-align-compiled.cc:127) s01
WARNING (gmm-align-compiled[5.5.907~2-cbed4]:AlignUtteranceWrapper():decoder-wrappers.cc:617) Retrying utterance s01 with beam 40
LOG (gmm-align-compiled[5.5.907~2-cbed4]:main():gmm-align-compiled.cc:127) s02
WARNING (gmm-align-compiled[5.5.907~2-cbed4]:AlignUtteranceWrapper():decoder-wrappers.cc:617) Retrying utterance s02 with beam 40
LOG (gmm-align-compiled[5.5.907~2-cbed4]:main():gmm-align-compiled.cc:127) s03
WARNING (gmm-align-compiled[5.5.907~2-cbed4]:AlignUtteranceWrapper():decoder-wrappers.cc:617) Retrying utterance s03 with beam 40
LOG (gmm-align-compiled[5.5.907~2-cbed4]:main():gmm-align-compiled.cc:127) s04
WARNING (gmm-align-compiled[5.5.907~2-cbed4]:AlignUtteranceWrapper():decoder-wrappers.cc:617) Retrying utterance s04 with beam 40
LOG (gmm-align-compiled[5.5.907~2-cbed4]:main():gmm-align-compiled.cc:127) s05
WARNING (gmm-align-compiled[5.5.907~2-cbed4]:AlignUtteranceWrapper():decoder-wrappers.cc:617) Retrying utterance s05 with beam 40
LOG (gmm-align-compiled[5.5.907~2-cbed4]:main():gmm-align-compiled.cc:127) s06
WARNING (gmm-align-compiled[5.5.907~2-cbed4]:AlignUtteranceWrapper():decoder-wrappers.cc:617) Retrying utterance s06 with beam 40
LOG (gmm-align-compiled[5.5.907~2-cbed4]:main():gmm-align-compiled.cc:127) s07
WARNING (gmm-align-compiled[5.5.907~2-cbed4]:AlignUtteranceWrapper():decoder-wrappers.cc:617) Retrying utterance s07 with beam 40
LOG (gmm-align-compiled[5.5.907~2-cbed4]:main():gmm-align-compiled.cc:127) s08
WARNING (gmm-align-compiled[5.5.907~2-cbed4]:AlignUtteranceWrapper():decoder-wrappers.cc:617) Retrying utterance s08 with beam 40
LOG (gmm-align-compiled[5.5.907~2-cbed4]:main():gmm-align-compiled.cc:127) s09
WARNING (gmm-align-compiled[5.5.907~2-cbed4]:AlignUtteranceWrapper():decoder-wrappers.cc:617) Retrying utterance s09 with beam 40
LOG (gmm-align-compiled[5.5.907~2-cbed4]:main():gmm-align-compiled.cc:127) s10
WARNING (gmm-align-compiled[5.5.907~2-cbed4]:AlignUtteranceWrapper():decoder-wrappers.cc:617) Retrying utterance s10 with beam 40
LOG (gmm-align-compiled[5.5.907~2-cbed4]:main():gmm-align-compiled.cc:127) t01
WARNING (gmm-align-compiled[5.5.907~2-cbed4]:AlignUtteranceWrapper():decoder-wrappers.cc:617) Retrying utterance t01 with beam 40
LOG (gmm-align-compiled[5.5.907~2-cbed4]:main():gmm-align-compiled.cc:127) t02
WARNING (gmm-align-compiled[5.5.907~2-cbed4]:AlignUtteranceWrapper():decoder-wrappers.cc:617) Retrying utterance t02 with beam 40
LOG (gmm-align-compiled[5.5.907~2-cbed4]:main():gmm-align-compiled.cc:127) t03
WARNING (gmm-align-compiled[5.5.907~2-cbed4]:AlignUtteranceWrapper():decoder-wrappers.cc:617) Retrying utterance t03 with beam 40
LOG (gmm-align-compiled[5.5.907~2-cbed4]:main():gmm-align-compiled.cc:127) t04
WARNING (gmm-align-compiled[5.5.907~2-cbed4]:AlignUtteranceWrapper():decoder-wrappers.cc:617) Retrying utterance t04 with beam 40
LOG (gmm-align-compiled[5.5.907~2-cbed4]:main():gmm-align-compiled.cc:127) t05
WARNING (gmm-align-compiled[5.5.907~2-cbed4]:AlignUtteranceWrapper():decoder-wrappers.cc:617) Retrying utterance t05 with beam 40
LOG (gmm-align-compiled[5.5.907~2-cbed4]:main():gmm-align-compiled.cc:127) t06
WARNING (gmm-align-compiled[5.5.907~2-cbed4]:AlignUtteranceWrapper():decoder-wrappers.cc:617) Retrying utterance t06 with beam 40
LOG (gmm-align-compiled[5.5.907~2-cbed4]:main():gmm-align-compiled.cc:127) t07
WARNING (gmm-align-compiled[5.5.907~2-cbed4]:AlignUtteranceWrapper():decoder-wrappers.cc:617) Retrying utterance t07 with beam 40
LOG (gmm-align-compiled[5.5.907~2-cbed4]:main():gmm-align-compiled.cc:127) t08
LOG (apply-cmvn[5.5.907~2-cbed4]:main():apply-cmvn.cc:162) Applied cepstral mean normalization to 100 utterances, errors on 0
WARNING (gmm-align-compiled[5.5.907~2-cbed4]:AlignUtteranceWrapper():decoder-wrappers.cc:617) Retrying utterance t08 with beam 40
LOG (gmm-align-compiled[5.5.907~2-cbed4]:main():gmm-align-compiled.cc:127) t09
WARNING (gmm-align-compiled[5.5.907~2-cbed4]:AlignUtteranceWrapper():decoder-wrappers.cc:617) Retrying utterance t09 with beam 40
LOG (gmm-align-compiled[5.5.907~2-cbed4]:main():gmm-align-compiled.cc:127) t10
WARNING (gmm-align-compiled[5.5.907~2-cbed4]:AlignUtteranceWrapper():decoder-wrappers.cc:617) Retrying utterance t10 with beam 40
LOG (gmm-align-compiled[5.5.907~2-cbed4]:main():gmm-align-compiled.cc:135) Overall log-likelihood per frame is -96.2745 over 71981 frames.
LOG (gmm-align-compiled[5.5.907~2-cbed4]:main():gmm-align-compiled.cc:137) Retried 99 out of 100 utterances.
LOG (gmm-align-compiled[5.5.907~2-cbed4]:main():gmm-align-compiled.cc:139) Done 100, errors on 0
# Accounting: time=4 threads=1
# Ended (code 0) at Sat May  8 19:17:16 IST 2021, elapsed time 4 seconds
