# lattice-scale --inv-acoustic-scale=13 "ark:gunzip -c exp/tri1/decode/lat.*.gz|" ark:- | lattice-add-penalty --word-ins-penalty=0.0 ark:- ark:- | lattice-best-path --word-symbol-table=exp/tri1/graph/words.txt ark:- ark,t:- | utils/int2sym.pl -f 2- exp/tri1/graph/words.txt | local/wer_hyp_filter > exp/tri1/decode/scoring_kaldi/penalty_0.0/13.txt 
# Started at Sat May  8 19:19:10 IST 2021
#
lattice-scale --inv-acoustic-scale=13 'ark:gunzip -c exp/tri1/decode/lat.*.gz|' ark:- 
lattice-best-path --word-symbol-table=exp/tri1/graph/words.txt ark:- ark,t:- 
lattice-add-penalty --word-ins-penalty=0.0 ark:- ark:- 
LOG (lattice-best-path[5.5.907~2-cbed4]:main():lattice-best-path.cc:99) For utterance w01, best cost 10.8961 + 2300.86 = 2311.75 over 290 frames.
w01 
LOG (lattice-best-path[5.5.907~2-cbed4]:main():lattice-best-path.cc:99) For utterance w02, best cost 6.09913 + 2153.87 = 2159.97 over 267 frames.
w02 
LOG (lattice-best-path[5.5.907~2-cbed4]:main():lattice-best-path.cc:99) For utterance w03, best cost 6.17177 + 2224.79 = 2230.97 over 276 frames.
w03 
LOG (lattice-best-path[5.5.907~2-cbed4]:main():lattice-best-path.cc:99) For utterance w04, best cost 6.10538 + 2163.83 = 2169.94 over 265 frames.
w04 
LOG (lattice-best-path[5.5.907~2-cbed4]:main():lattice-best-path.cc:99) For utterance w05, best cost 6.07107 + 2115.47 = 2121.54 over 266 frames.
w05 
LOG (lattice-best-path[5.5.907~2-cbed4]:main():lattice-best-path.cc:99) For utterance w06, best cost 9.01168 + 2753.38 = 2762.39 over 335 frames.
w06 
LOG (lattice-scale[5.5.907~2-cbed4]:main():lattice-scale.cc:107) Done 40 lattices.
LOG (lattice-best-path[5.5.907~2-cbed4]:main():lattice-best-path.cc:99) For utterance w07, best cost 11.7693 + 3097.74 = 3109.51 over 390 frames.
w07 
LOG (lattice-best-path[5.5.907~2-cbed4]:main():lattice-best-path.cc:99) For utterance w08, best cost 11.3372 + 2755.57 = 2766.91 over 341 frames.
w08 
LOG (lattice-best-path[5.5.907~2-cbed4]:main():lattice-best-path.cc:99) For utterance w09, best cost 9.82967 + 3379.39 = 3389.22 over 424 frames.
w09 
LOG (lattice-best-path[5.5.907~2-cbed4]:main():lattice-best-path.cc:99) For utterance w10, best cost 10.7209 + 3876.88 = 3887.6 over 499 frames.
w10 
LOG (lattice-best-path[5.5.907~2-cbed4]:main():lattice-best-path.cc:99) For utterance x01, best cost 21.6052 + 3555.09 = 3576.69 over 461 frames.
x01 
LOG (lattice-best-path[5.5.907~2-cbed4]:main():lattice-best-path.cc:99) For utterance x02, best cost 20.9021 + 2949.43 = 2970.33 over 370 frames.
x02 
LOG (lattice-best-path[5.5.907~2-cbed4]:main():lattice-best-path.cc:99) For utterance x03, best cost 22.7477 + 3296.06 = 3318.81 over 435 frames.
x03 
LOG (lattice-best-path[5.5.907~2-cbed4]:main():lattice-best-path.cc:99) For utterance x04, best cost 17.8415 + 2880.88 = 2898.72 over 383 frames.
x04 
LOG (lattice-best-path[5.5.907~2-cbed4]:main():lattice-best-path.cc:99) For utterance x05, best cost 22.4214 + 2960.96 = 2983.38 over 409 frames.
x05 
LOG (lattice-best-path[5.5.907~2-cbed4]:main():lattice-best-path.cc:99) For utterance x06, best cost 35.5814 + 3961.39 = 3996.97 over 562 frames.
x06 
LOG (lattice-best-path[5.5.907~2-cbed4]:main():lattice-best-path.cc:99) For utterance x07, best cost 25.6955 + 3797.31 = 3823 over 519 frames.
x07 
LOG (lattice-best-path[5.5.907~2-cbed4]:main():lattice-best-path.cc:99) For utterance x08, best cost 32.804 + 3540.96 = 3573.76 over 477 frames.
x08 
LOG (lattice-add-penalty[5.5.907~2-cbed4]:main():lattice-add-penalty.cc:62) Done adding word insertion penalty to 40 lattices.
LOG (lattice-best-path[5.5.907~2-cbed4]:main():lattice-best-path.cc:99) For utterance x09, best cost 21.6066 + 3808.62 = 3830.23 over 500 frames.
x09 
LOG (lattice-best-path[5.5.907~2-cbed4]:main():lattice-best-path.cc:99) For utterance x10, best cost 31.5851 + 3998.33 = 4029.92 over 536 frames.
x10 
LOG (lattice-best-path[5.5.907~2-cbed4]:main():lattice-best-path.cc:99) For utterance y01, best cost 8.05314 + 1776.32 = 1784.37 over 230 frames.
y01 
LOG (lattice-best-path[5.5.907~2-cbed4]:main():lattice-best-path.cc:99) For utterance y02, best cost 7.52314 + 1665.11 = 1672.64 over 220 frames.
y02 
LOG (lattice-best-path[5.5.907~2-cbed4]:main():lattice-best-path.cc:99) For utterance y03, best cost 9.82862 + 1738.31 = 1748.14 over 227 frames.
y03 
LOG (lattice-best-path[5.5.907~2-cbed4]:main():lattice-best-path.cc:99) For utterance y04, best cost 9.77346 + 1616.29 = 1626.07 over 208 frames.
y04 
LOG (lattice-best-path[5.5.907~2-cbed4]:main():lattice-best-path.cc:99) For utterance y05, best cost 7.65368 + 1471.18 = 1478.83 over 189 frames.
y05 
LOG (lattice-best-path[5.5.907~2-cbed4]:main():lattice-best-path.cc:99) For utterance y06, best cost 21.0443 + 2650.36 = 2671.4 over 362 frames.
y06 
LOG (lattice-best-path[5.5.907~2-cbed4]:main():lattice-best-path.cc:99) For utterance y07, best cost 12.8113 + 1926.01 = 1938.83 over 247 frames.
y07 
LOG (lattice-best-path[5.5.907~2-cbed4]:main():lattice-best-path.cc:99) For utterance y08, best cost 10.4657 + 1921.29 = 1931.75 over 246 frames.
y08 
LOG (lattice-best-path[5.5.907~2-cbed4]:main():lattice-best-path.cc:99) For utterance y09, best cost 8.34539 + 2051.76 = 2060.1 over 258 frames.
y09 
LOG (lattice-best-path[5.5.907~2-cbed4]:main():lattice-best-path.cc:99) For utterance y10, best cost 12.8193 + 1937.01 = 1949.83 over 251 frames.
y10 
LOG (lattice-best-path[5.5.907~2-cbed4]:main():lattice-best-path.cc:99) For utterance z01, best cost 19.3595 + 3900.93 = 3920.29 over 476 frames.
z01 
LOG (lattice-best-path[5.5.907~2-cbed4]:main():lattice-best-path.cc:99) For utterance z02, best cost 18.665 + 3170.08 = 3188.74 over 385 frames.
z02 
LOG (lattice-best-path[5.5.907~2-cbed4]:main():lattice-best-path.cc:99) For utterance z03, best cost 16.1362 + 3083.51 = 3099.65 over 374 frames.
z03 
LOG (lattice-best-path[5.5.907~2-cbed4]:main():lattice-best-path.cc:99) For utterance z04, best cost 13.5459 + 2732.23 = 2745.77 over 340 frames.
z04 
LOG (lattice-best-path[5.5.907~2-cbed4]:main():lattice-best-path.cc:99) For utterance z05, best cost 15.6882 + 2580.2 = 2595.89 over 322 frames.
z05 
LOG (lattice-best-path[5.5.907~2-cbed4]:main():lattice-best-path.cc:99) For utterance z06, best cost 25.8227 + 3561.82 = 3587.64 over 432 frames.
z06 
LOG (lattice-best-path[5.5.907~2-cbed4]:main():lattice-best-path.cc:99) For utterance z07, best cost 26.0399 + 3596.75 = 3622.79 over 442 frames.
z07 
LOG (lattice-best-path[5.5.907~2-cbed4]:main():lattice-best-path.cc:99) For utterance z08, best cost 20.9657 + 3158.64 = 3179.61 over 400 frames.
z08 
LOG (lattice-best-path[5.5.907~2-cbed4]:main():lattice-best-path.cc:99) For utterance z09, best cost 26.5769 + 3793.53 = 3820.11 over 458 frames.
z09 
LOG (lattice-best-path[5.5.907~2-cbed4]:main():lattice-best-path.cc:99) For utterance z10, best cost 25.9334 + 3639.44 = 3665.37 over 439 frames.
z10 
LOG (lattice-best-path[5.5.907~2-cbed4]:main():lattice-best-path.cc:124) Overall cost per frame is 7.86985 = 0.0453349 [graph] + 7.82452 [acoustic] over 14511 frames.
LOG (lattice-best-path[5.5.907~2-cbed4]:main():lattice-best-path.cc:128) Done 40 lattices, failed for 0
# Accounting: time=0 threads=1
# Ended (code 0) at Sat May  8 19:19:10 IST 2021, elapsed time 0 seconds
