# lattice-scale --inv-acoustic-scale=9 "ark:gunzip -c exp/mono/decode/lat.*.gz|" ark:- | lattice-add-penalty --word-ins-penalty=0.5 ark:- ark:- | lattice-best-path --word-symbol-table=exp/mono/graph/words.txt ark:- ark,t:- | utils/int2sym.pl -f 2- exp/mono/graph/words.txt | local/wer_hyp_filter > exp/mono/decode/scoring_kaldi/penalty_0.5/9.txt 
# Started at Sun May  9 02:59:27 IST 2021
#
lattice-best-path --word-symbol-table=exp/mono/graph/words.txt ark:- ark,t:- 
lattice-add-penalty --word-ins-penalty=0.5 ark:- ark:- 
lattice-scale --inv-acoustic-scale=9 'ark:gunzip -c exp/mono/decode/lat.*.gz|' ark:- 
LOG (lattice-scale[5.5.907~2-cbed4]:main():lattice-scale.cc:107) Done 40 lattices.
LOG (lattice-best-path[5.5.907~2-cbed4]:main():lattice-best-path.cc:99) For utterance w01, best cost 13.23 + 3199.02 = 3212.25 over 290 frames.
w01 
LOG (lattice-best-path[5.5.907~2-cbed4]:main():lattice-best-path.cc:99) For utterance w02, best cost 6.10049 + 3001.89 = 3007.99 over 267 frames.
w02 
LOG (lattice-best-path[5.5.907~2-cbed4]:main():lattice-best-path.cc:99) For utterance w03, best cost 8.06117 + 3107.43 = 3115.49 over 276 frames.
w03 
LOG (lattice-best-path[5.5.907~2-cbed4]:main():lattice-best-path.cc:99) For utterance w04, best cost 8.40796 + 3025.61 = 3034.02 over 265 frames.
w04 
LOG (lattice-best-path[5.5.907~2-cbed4]:main():lattice-best-path.cc:99) For utterance w05, best cost 10.2734 + 2952.2 = 2962.47 over 266 frames.
w05 
LOG (lattice-best-path[5.5.907~2-cbed4]:main():lattice-best-path.cc:99) For utterance w06, best cost 11.3296 + 3840.8 = 3852.13 over 335 frames.
w06 
LOG (lattice-best-path[5.5.907~2-cbed4]:main():lattice-best-path.cc:99) For utterance w07, best cost 14.0941 + 4330.51 = 4344.6 over 390 frames.
w07 
LOG (lattice-best-path[5.5.907~2-cbed4]:main():lattice-best-path.cc:99) For utterance w08, best cost 11.3441 + 3859.35 = 3870.69 over 341 frames.
w08 
LOG (lattice-best-path[5.5.907~2-cbed4]:main():lattice-best-path.cc:99) For utterance w09, best cost 12.1388 + 4717.06 = 4729.2 over 424 frames.
w09 
LOG (lattice-best-path[5.5.907~2-cbed4]:main():lattice-best-path.cc:99) For utterance w10, best cost 15.1112 + 5432.17 = 5447.28 over 499 frames.
w10 
LOG (lattice-best-path[5.5.907~2-cbed4]:main():lattice-best-path.cc:99) For utterance x01, best cost 28.7057 + 4858.65 = 4887.36 over 461 frames.
x01 
LOG (lattice-best-path[5.5.907~2-cbed4]:main():lattice-best-path.cc:99) For utterance x02, best cost 23.2741 + 3995.86 = 4019.13 over 370 frames.
x02 
LOG (lattice-best-path[5.5.907~2-cbed4]:main():lattice-best-path.cc:99) For utterance x03, best cost 22.6668 + 4479.62 = 4502.29 over 435 frames.
x03 
LOG (lattice-best-path[5.5.907~2-cbed4]:main():lattice-best-path.cc:99) For utterance x04, best cost 19.913 + 3912.06 = 3931.98 over 383 frames.
x04 
LOG (lattice-best-path[5.5.907~2-cbed4]:main():lattice-best-path.cc:99) For utterance x05, best cost 24.6083 + 4047.31 = 4071.92 over 409 frames.
x05 
LOG (lattice-best-path[5.5.907~2-cbed4]:main():lattice-best-path.cc:99) For utterance x06, best cost 35.2071 + 5443.76 = 5478.96 over 562 frames.
x06 
LOG (lattice-best-path[5.5.907~2-cbed4]:main():lattice-best-path.cc:99) For utterance x07, best cost 25.6205 + 5202.02 = 5227.65 over 519 frames.
x07 
LOG (lattice-best-path[5.5.907~2-cbed4]:main():lattice-best-path.cc:99) For utterance x08, best cost 32.687 + 4824.07 = 4856.75 over 477 frames.
x08 
LOG (lattice-best-path[5.5.907~2-cbed4]:main():lattice-best-path.cc:99) For utterance x09, best cost 28.2717 + 5190.74 = 5219.02 over 500 frames.
x09 
LOG (lattice-best-path[5.5.907~2-cbed4]:main():lattice-best-path.cc:99) For utterance x10, best cost 35.7863 + 5455.44 = 5491.22 over 536 frames.
x10 
LOG (lattice-best-path[5.5.907~2-cbed4]:main():lattice-best-path.cc:99) For utterance y01, best cost 7.62019 + 2499.31 = 2506.93 over 230 frames.
y01 
LOG (lattice-best-path[5.5.907~2-cbed4]:main():lattice-best-path.cc:99) For utterance y02, best cost 7.49226 + 2342.73 = 2350.22 over 220 frames.
y02 
LOG (lattice-best-path[5.5.907~2-cbed4]:main():lattice-best-path.cc:99) For utterance y03, best cost 9.79061 + 2433.91 = 2443.7 over 227 frames.
y03 
LOG (lattice-best-path[5.5.907~2-cbed4]:main():lattice-best-path.cc:99) For utterance y04, best cost 11.851 + 2258.21 = 2270.07 over 208 frames.
y04 
LOG (lattice-best-path[5.5.907~2-cbed4]:main():lattice-best-path.cc:99) For utterance y05, best cost 9.97583 + 2061.11 = 2071.08 over 189 frames.
y05 
LOG (lattice-best-path[5.5.907~2-cbed4]:main():lattice-best-path.cc:99) For utterance y06, best cost 23.2152 + 3699.32 = 3722.53 over 362 frames.
y06 
LOG (lattice-add-penalty[5.5.907~2-cbed4]:main():lattice-add-penalty.cc:62) Done adding word insertion penalty to 40 lattices.
LOG (lattice-best-path[5.5.907~2-cbed4]:main():lattice-best-path.cc:99) For utterance y07, best cost 10.5827 + 2727.76 = 2738.34 over 247 frames.
y07 
LOG (lattice-best-path[5.5.907~2-cbed4]:main():lattice-best-path.cc:99) For utterance y08, best cost 10.0266 + 2686.91 = 2696.94 over 246 frames.
y08 
LOG (lattice-best-path[5.5.907~2-cbed4]:main():lattice-best-path.cc:99) For utterance y09, best cost 6.04864 + 2875.54 = 2881.59 over 258 frames.
y09 
LOG (lattice-best-path[5.5.907~2-cbed4]:main():lattice-best-path.cc:99) For utterance y10, best cost 10.5095 + 2721.69 = 2732.2 over 251 frames.
y10 
LOG (lattice-best-path[5.5.907~2-cbed4]:main():lattice-best-path.cc:99) For utterance z01, best cost 26.3851 + 5266.84 = 5293.23 over 476 frames.
z01 
LOG (lattice-best-path[5.5.907~2-cbed4]:main():lattice-best-path.cc:99) For utterance z02, best cost 18.655 + 4306.24 = 4324.9 over 385 frames.
z02 
LOG (lattice-best-path[5.5.907~2-cbed4]:main():lattice-best-path.cc:99) For utterance z03, best cost 13.9367 + 4198.32 = 4212.26 over 374 frames.
z03 
LOG (lattice-best-path[5.5.907~2-cbed4]:main():lattice-best-path.cc:99) For utterance z04, best cost 13.6316 + 3688.59 = 3702.23 over 340 frames.
z04 
LOG (lattice-best-path[5.5.907~2-cbed4]:main():lattice-best-path.cc:99) For utterance z05, best cost 18.0953 + 3506.64 = 3524.74 over 322 frames.
z05 
LOG (lattice-best-path[5.5.907~2-cbed4]:main():lattice-best-path.cc:99) For utterance z06, best cost 21.3384 + 4826 = 4847.34 over 432 frames.
z06 
LOG (lattice-best-path[5.5.907~2-cbed4]:main():lattice-best-path.cc:99) For utterance z07, best cost 26.1964 + 4872.38 = 4898.58 over 442 frames.
z07 
LOG (lattice-best-path[5.5.907~2-cbed4]:main():lattice-best-path.cc:99) For utterance z08, best cost 18.7796 + 4333.51 = 4352.29 over 400 frames.
z08 
LOG (lattice-best-path[5.5.907~2-cbed4]:main():lattice-best-path.cc:99) For utterance z09, best cost 26.2506 + 5143.29 = 5169.54 over 458 frames.
z09 
LOG (lattice-best-path[5.5.907~2-cbed4]:main():lattice-best-path.cc:99) For utterance z10, best cost 23.8121 + 4991.24 = 5015.05 over 439 frames.
z10 
LOG (lattice-best-path[5.5.907~2-cbed4]:main():lattice-best-path.cc:124) Overall cost per frame is 10.8205 = 0.0483099 [graph] + 10.7722 [acoustic] over 14511 frames.
LOG (lattice-best-path[5.5.907~2-cbed4]:main():lattice-best-path.cc:128) Done 40 lattices, failed for 0
# Accounting: time=0 threads=1
# Ended (code 0) at Sun May  9 02:59:27 IST 2021, elapsed time 0 seconds
